### ISSUE TITLE
SpaceFM filemanager: strange "Segmentation fault" on MUSL

### ISSUE THREAD

**Issue by paoloschi** [voidlinux/void-packages#4133]
_case 1_:
on any lister, double-click to show `/usr/share/applications` or `~/.local/share/applications` directory contents -> IMMEDIATE CRASH

_case 2_:
any file on a lister -> right click -> Open -> Choose.. -> All Apps (tab in the dialog window) -> IMMEDIATE CRASH

_case 3_:
bookmarks list -> New -> Application -> IMMEDIATE CRASH

ie: **it seems that every time SpaceFM should read a `*.desktop` file, that causes a crash**
and access to files and folders that do not have to do with `*.desktop` files it is in fact regular!

I hope it can be elsewhere easily replicable 'cause I have no idea how to provide more information.

the only printed information to the terminal if I run `spacefm 2>&1` is "Segmentation fault"

and **this only happens to me on MUSL installations**.
I have a Void GLIBC installation with identical configurations where SpaceFM does not have this issue!

(on both I run SpaceFM on Openbox from `~/.config/openbox/autostart` with the command `spacefm --desktop &`)

**Comment by ebfe** [comment]
Can't reproduce on x86_64-musl.

**Comment by ebfe** [comment]
Also works fine on a folder with the 771 .desktop files i could find in the repo. If you could narrow it down on what specific .desktop file it crashes that would certainly help.

**Comment by paoloschi** [comment]
thanks for checking, that spurred me to a deeper investigation:

in `/tmp` I have now created a folder named "applications".
into that folder I've copied the original `spacefm.desktop` file taking it from `/usr/share/applications`.
I've then tried to open the folder `/tmp/applications` with SpaceFM: all OK, no issue..

I later added to '/tmp/applications' the original `/usr/share/applications/geany.desktop` file.
trying to show `/tmp/applications` contents again with SpaceFM .. THE BIG CRASH!!
if I replace `geany.desktop` with `terminator.desktop`: same CRASH!
but removing again `geany.desktop`+`terminator.desktop` and adding in place, to say, `xterm.desktop` I can reguraly navigate into `/tmp/applications` !!

so are some descriptors only that cause the problem..

then, I moved back geany.desktop` in `/tmp/application` and, working on that copy, I began to eliminate lines of content until I discovered that deleting or modifying the pair "Icon=geany" then SpaceFM no longer crashes!!

when SpaceFM lists a `*.desktop`, it also reads the contents of the file to know which icon it is associated (I assume)
apparently, I can not imagine for which kind of rendering problem, seems here I've some icons formats that put SpaceFM K.O.
(I only installed the GNOME theme)

perhaps a graphics library is missing?
    libpng
    libpng-progs
    librsvg
    librsvg-utils
    imlib2
    imlib2-tools
    are all installed..
??

**Comment by ebfe** [comment]
Just tried again with terminator and geany and i can't get it to crash. icons are rendered correct.

You could try to get a backtrace from the crash:

     $ xbps-install void-repo-debug xtools gdb
     $ xbps-install $(xdbg spacefm)
     $ gdb --args spacefm --desktop
     > run
     ... and once it crashes 
     > backtrace

**Comment by paoloschi** [comment]
too late now, tomorrow I will do the debugging you suggested
anyway, my Openbox menu also shows the mentioned icons without problems so I've a SpaceFM related oddity only on MUSL installation only..

**Comment by paoloschi** [comment]
(`xbps-install $(xdbg spacefm)` found nothing to install)
here is the backtrace I've got:

----
`(gdb) run
Starting program: /usr/bin/spacefm 

(spacefm:1463): SpaceFM-WARNING **: No root settings found in /etc/spacefm/  Setting a root editor in Preferences should remove this warning on startup.   Otherwise commands run as root may present a security risk.
[New LWP 1470]
[LWP 1470 exited]
[New LWP 1472]
[LWP 1472 exited]
[New LWP 1473]

Thread 4 "spacefm" received signal SIGSEGV, Segmentation fault.
[Switching to LWP 1473]
0x00007ffff32f3056 in ?? () from /lib/libpixman-1.so.0
(gdb) backtrace
#0  0x00007ffff32f3056 in ?? () from /lib/libpixman-1.so.0
#1  0x00007ffff32ac511 in pixman_image_composite32 () from /lib/libpixman-1.so.0
#2  0x00007ffff6e5a0bb in ?? () from /lib/libcairo.so.2
#3  0x00007ffff6e899dc in ?? () from /lib/libcairo.so.2
#4  0x00007ffff6e8ae0c in ?? () from /lib/libcairo.so.2
#5  0x00007ffff6e9214b in ?? () from /lib/libcairo.so.2
#6  0x00007ffff6e92e1c in ?? () from /lib/libcairo.so.2
#7  0x00007ffff6e9364e in ?? () from /lib/libcairo.so.2
#8  0x00007ffff6e93ae9 in ?? () from /lib/libcairo.so.2
#9  0x00007ffff6e4dc50 in ?? () from /lib/libcairo.so.2
#10 0x00007ffff6e5f2d7 in ?? () from /lib/libcairo.so.2
#11 0x00007ffff6e96fa7 in ?? () from /lib/libcairo.so.2
#12 0x00007ffff6e5613c in ?? () from /lib/libcairo.so.2
#13 0x00007ffff6e48405 in cairo_fill_preserve () from /lib/libcairo.so.2
#14 0x00007fffe7f1a7a0 in ?? () from /lib/librsvg-2.so.2
#15 0x00007fffe7f16c82 in ?? () from /lib/librsvg-2.so.2
#16 0x00007fffe7f0cd9b in ?? () from /lib/librsvg-2.so.2
#17 0x00007fffe7f0e48b in ?? () from /lib/librsvg-2.so.2
#18 0x00007fffe7f0e8a3 in ?? () from /lib/librsvg-2.so.2
#19 0x00007fffe7f0e48b in ?? () from /lib/librsvg-2.so.2
#20 0x00007fffe7f1b3e3 in rsvg_handle_render_cairo_sub () from /lib/librsvg-2.so.2
#21 0x00007fffe7f1b8e8 in rsvg_handle_get_pixbuf_sub () from /lib/librsvg-2.so.2
#22 0x00007fffe8128e66 in ?? () from /usr/lib/gdk-pixbuf-2.0/2.10.0/loaders/libpixbufloader-svg.so
#23 0x00007ffff6c0e708 in gdk_pixbuf_loader_close () from /lib/libgdk_pixbuf-2.0.so.0
#24 0x00007ffff6c0c10a in gdk_pixbuf_new_from_file_at_scale () from /lib/libgdk_pixbuf-2.0.so.0
#25 0x000055555558fcbf in ?? ()
#26 0x0000555555581ae7 in ?? ()
#27 0x000055555557f2d1 in ?? ()
#28 0x00005555555805c4 in ?? ()
#29 0x000055555558ef60 in ?? ()
#30 0x00007ffff5f3e025 in ?? () from /lib/libglib-2.0.so.0
#31 0x00007ffff7dbfa6b in start (p=0x7fffe7572ab0) at src/thread/pthread_create.c:145
#32 0x00007ffff7dcbd8a in __clone () at src/thread/x86_64/clone.s:21
Backtrace stopped: frame did not save the PC
(gdb)`

----
marginally, about "WARNING **: No root settings found [..]", I've configured the editor for the root in preferences so what it has to complain for??......

**Comment by ebfe** [comment]
You might need to run `xbps-install -S` before xdbg finds the -dbg packages. If you could run backtrace again with the -dbg packages installed that would help. also the output of `info registers` and `disassemble` at the time of the crash would be helpful. I think this might be a case where musl runs out of stack space because the pthread_create default stack size is way smaller than on glibc.

**Comment by paoloschi** [comment]
(how can I bring `info registers` and `disassemble`?)
after installation of 'dbg' packages, the backtrace is

---
`(gdb) run
Starting program: /usr/bin/spacefm 

(spacefm:1383): SpaceFM-WARNING **: No root settings found in /etc/spacefm/  Setting a root editor in Preferences should remove this warning on startup.   Otherwise commands run as root may present a security risk.
[New LWP 1390]
[LWP 1390 exited]
[New LWP 1394]
[LWP 1394 exited]
[New LWP 1395]

Thread 4 "spacefm" received signal SIGSEGV, Segmentation fault.
[Switching to LWP 1395]
0x00007ffff32f3056 in general_composite_rect (imp=0x7fffea4b3420, info=0x7fffe755f180) at pixman-general.c:130
130	pixman-general.c: No such file or directory.
(gdb) backtrace
#0  0x00007ffff32f3056 in general_composite_rect (imp=0x7fffea4b3420, info=0x7fffe755f180) at pixman-general.c:130
#1  0x00007ffff32ac511 in pixman_image_composite32 (op=PIXMAN_OP_SRC, src=<optimized out>, mask=<optimized out>, dest=<optimized out>, src_x=6, src_y=34, mask_x=0, mask_y=0, dest_x=6, 
    dest_y=29, width=122, height=1) at pixman.c:700
#2  0x00007ffff6e5a0bb in _inplace_spans (abstract_renderer=0x7fffe75603c0, y=29, h=1, spans=<optimized out>, num_spans=<optimized out>) at cairo-image-compositor.c:2514
#3  0x00007ffff6e899dc in generate_row (renderer=renderer@entry=0x7fffe75603c0, r=r@entry=0x7fffe755fbb8, y=y@entry=29, h=h@entry=1, coverage=<optimized out>)
    at cairo-rectangular-scan-converter.c:625
#4  0x00007ffff6e8ae0c in generate_box (self=<optimized out>, renderer=0x7fffe75603c0) at cairo-rectangular-scan-converter.c:637
#5  _cairo_rectangular_scan_converter_generate (converter=<optimized out>, renderer=0x7fffe75603c0) at cairo-rectangular-scan-converter.c:673
#6  0x00007ffff6e9214b in composite_boxes (extents=extents@entry=0x7fffe7561d60, boxes=boxes@entry=0x7fffe7561940, compositor=<optimized out>, compositor=<optimized out>)
    at cairo-spans-compositor.c:741
#7  0x00007ffff6e92e1c in clip_and_composite_boxes (compositor=compositor@entry=0x7ffff7151cc0 <spans>, extents=extents@entry=0x7fffe7561d60, boxes=boxes@entry=0x7fffe7561940)
    at cairo-spans-compositor.c:887
#8  0x00007ffff6e9364e in clip_and_composite_boxes (compositor=0x7ffff7151cc0 <spans>, extents=0x7fffe7561d60, boxes=0x7fffe7561940) at cairo-spans-compositor.c:901
#9  0x00007ffff6e93ae9 in _cairo_spans_compositor_fill (_compositor=0x7ffff7151cc0 <spans>, extents=0x7fffe7561d60, path=0x555555adae28, fill_rule=CAIRO_FILL_RULE_WINDING, 
    tolerance=0.10000000000000001, antialias=CAIRO_ANTIALIAS_DEFAULT) at cairo-spans-compositor.c:1126
#10 0x00007ffff6e4dc50 in _cairo_compositor_fill (compositor=0x7ffff7151cc0 <spans>, surface=0x555555c10720, op=<optimized out>, source=<optimized out>, path=0x555555adae28, 
    fill_rule=CAIRO_FILL_RULE_WINDING, tolerance=0.10000000000000001, antialias=CAIRO_ANTIALIAS_DEFAULT, clip=0x0) at cairo-compositor.c:203
#11 0x00007ffff6e5f2d7 in _cairo_image_surface_fill (abstract_surface=<optimized out>, op=<optimized out>, source=<optimized out>, path=<optimized out>, fill_rule=<optimized out>, 
    tolerance=<optimized out>, antialias=<optimized out>, clip=0x0) at cairo-image-surface.c:985
#12 0x00007ffff6e96fa7 in _cairo_surface_fill (surface=0x555555c10720, op=op@entry=CAIRO_OPERATOR_OVER, source=source@entry=0x7fffe7562130, path=path@entry=0x555555adae28, 
    fill_rule=CAIRO_FILL_RULE_WINDING, tolerance=0.10000000000000001, antialias=CAIRO_ANTIALIAS_DEFAULT, clip=0x0) at cairo-surface.c:2341
#13 0x00007ffff6e5613c in _cairo_gstate_fill (gstate=0x555555adaaf0, path=0x555555adae28) at cairo-gstate.c:1317
#14 0x00007ffff6e48405 in INT_cairo_fill_preserve (cr=0x555555adaac0) at cairo.c:2231
#15 0x00007fffe7f1a7a0 in ?? () from /lib/librsvg-2.so.2
#16 0x00007fffe7f16c82 in ?? () from /lib/librsvg-2.so.2
#17 0x00007fffe7f0cd9b in ?? () from /lib/librsvg-2.so.2
#18 0x00007fffe7f0e48b in ?? () from /lib/librsvg-2.so.2
#19 0x00007fffe7f0e8a3 in ?? () from /lib/librsvg-2.so.2
#20 0x00007fffe7f0e48b in ?? () from /lib/librsvg-2.so.2
#21 0x00007fffe7f1b3e3 in rsvg_handle_render_cairo_sub () from /lib/librsvg-2.so.2
#22 0x00007fffe7f1b8e8 in rsvg_handle_get_pixbuf_sub () from /lib/librsvg-2.so.2
#23 0x00007fffe8128e66 in ?? () from /usr/lib/gdk-pixbuf-2.0/2.10.0/loaders/libpixbufloader-svg.so
#24 0x00007ffff6c0e708 in gdk_pixbuf_loader_close (loader=loader@entry=0x5555559c2e20, error=error@entry=0x0) at gdk-pixbuf-loader.c:819
#25 0x00007ffff6c0c10a in gdk_pixbuf_new_from_file_at_scale (filename=0x555555b87f40 "/usr/share/icons/hicolor/scalable/apps/tint2.svg", width=width@entry=128, height=height@entry=128, 
    preserve_aspect_ratio=preserve_aspect_ratio@entry=1, error=error@entry=0x0) at gdk-pixbuf-io.c:1379
#26 0x00007ffff6c0c29d in gdk_pixbuf_new_from_file_at_size (filename=<optimized out>, width=width@entry=128, height=height@entry=128, error=error@entry=0x0) at gdk-pixbuf-io.c:1196
#27 0x000055555558fcbf in vfs_load_icon (theme=theme@entry=0x555555892290, icon_name=icon_name@entry=0x555555c12ee0 "tint2", size=size@entry=128) at vfs/vfs-utils.c:48
#28 0x0000555555581ae7 in vfs_app_desktop_get_icon (app=app@entry=0x555555bafc00, size=128, use_fallback=use_fallback@entry=0) at vfs/vfs-app-desktop.c:261
#29 0x000055555557f2d1 in vfs_file_info_load_special_info (fi=fi@entry=0x555555baf650, file_path=file_path@entry=0x555555b89b20 "/home/user/.local/share/applications/tint2.desktop")
    at vfs/vfs-file-info.c:828
#30 0x00005555555805c4 in vfs_dir_load_thread (task=<optimized out>, dir=0x555555bc1290) at vfs/vfs-dir.c:713
#31 0x000055555558ef60 in vfs_async_task_thread (_task=0x555555c04c50) at vfs/vfs-async-task.c:147
#32 0x00007ffff5f3e025 in g_thread_proxy (data=0x555555ab8280) at gthread.c:780
#33 0x00007ffff7dbfa6b in start (p=0x7fffe7572ab0) at src/thread/pthread_create.c:145
#34 0x00007ffff7dcbd8a in __clone () at src/thread/x86_64/clone.s:21
Backtrace stopped: frame did not save the PC
(gdb) `

**Comment by paoloschi** [comment]
OK, figured myself:
(I insert as code but seems non interpreted by markdown!)

---

`(gdb) info registers
rax            0x1	1
rbx            0x7a	122
rcx            0x6	6
rdx            0x1	1
rsi            0x7fffe755f180	140737074557312
rdi            0x7fffea4b3420	140737124185120
rbp            0x6	0x6
rsp            0x7fffe7558f30	0x7fffe7558f30
r8             0x22	34
r9             0x2874a7f	42420863
r10            0x555555c0d4c0	93824999281856
r11            0x0	0
r12            0x7fffea4b3420	140737124185120
r13            0x0	0
r14            0x555555c0d3a0	93824999281568
r15            0x7fffe755f180	140737074557312
rip            0x7ffff32f3056	0x7ffff32f3056 <general_composite_rect+70>
eflags         0x10202	[ IF RF ]
cs             0x33	51
ss             0x2b	43
ds             0x0	0
es             0x0	0
fs             0x0	0
gs             0x0	0
(gdb) 
`

---

`(gdb) disassemble
Dump of assembler code for function general_composite_rect:
   0x00007ffff32f3010 <+0>:	push   %r15
   0x00007ffff32f3012 <+2>:	push   %r14
   0x00007ffff32f3014 <+4>:	mov    %rsi,%r15
   0x00007ffff32f3017 <+7>:	push   %r13
   0x00007ffff32f3019 <+9>:	push   %r12
   0x00007ffff32f301b <+11>:	mov    %rdi,%r12
   0x00007ffff32f301e <+14>:	push   %rbp
   0x00007ffff32f301f <+15>:	push   %rbx
   0x00007ffff32f3020 <+16>:	sub    $0x6198,%rsp
   0x00007ffff32f3027 <+23>:	mov    0x8(%rsi),%r14
   0x00007ffff32f302b <+27>:	mov    0x10(%rsi),%r10
   0x00007ffff32f302f <+31>:	mov    %fs:0x28,%rax
   0x00007ffff32f3038 <+40>:	mov    %rax,0x6188(%rsp)
   0x00007ffff32f3040 <+48>:	xor    %eax,%eax
   0x00007ffff32f3042 <+50>:	mov    (%rsi),%eax
   0x00007ffff32f3044 <+52>:	mov    0x20(%rsi),%ecx
   0x00007ffff32f3047 <+55>:	testb  $0x40,0x88(%r14)
   0x00007ffff32f304f <+63>:	mov    0x24(%rsi),%r8d
   0x00007ffff32f3053 <+67>:	mov    0x38(%rsi),%ebx
=> 0x00007ffff32f3056 <+70>:	mov    %eax,0x18(%rsp)
   0x00007ffff32f305a <+74>:	mov    0x18(%rsi),%rax
   0x00007ffff32f305e <+78>:	mov    %rax,0x20(%rsp)
   0x00007ffff32f3063 <+83>:	mov    0x28(%rsi),%eax
   0x00007ffff32f3066 <+86>:	mov    %eax,0x30(%rsp)
   0x00007ffff32f306a <+90>:	mov    0x2c(%rsi),%eax
   0x00007ffff32f306d <+93>:	mov    %eax,0x34(%rsp)
   0x00007ffff32f3071 <+97>:	mov    0x30(%rsi),%eax
   0x00007ffff32f3074 <+100>:	mov    %eax,0x38(%rsp)
   0x00007ffff32f3078 <+104>:	mov    0x34(%rsi),%eax
   0x00007ffff32f307b <+107>:	mov    %eax,0x3c(%rsp)
   0x00007ffff32f307f <+111>:	mov    0x3c(%rsi),%eax
   0x00007ffff32f3082 <+114>:	mov    %eax,0x4(%rsp)
   0x00007ffff32f3086 <+118>:	je     0x7ffff32f30b0 <general_composite_rect+160>
   0x00007ffff32f3088 <+120>:	test   %r10,%r10
   0x00007ffff32f308b <+123>:	je     0x7ffff32f3097 <general_composite_rect+135>
   0x00007ffff32f308d <+125>:	testb  $0x40,0x88(%r10)
   0x00007ffff32f3095 <+133>:	je     0x7ffff32f30b0 <general_composite_rect+160>
   0x00007ffff32f3097 <+135>:	mov    0x20(%rsp),%rax
   0x00007ffff32f309c <+140>:	testb  $0x40,0x88(%rax)
   0x00007ffff32f30a3 <+147>:	jne    0x7ffff32f3390 <general_composite_rect+896>
   0x00007ffff32f30a9 <+153>:	nopl   0x0(%rax)
   0x00007ffff32f30b0 <+160>:	mov    $0x10,%r13d
   0x00007ffff32f30b6 <+166>:	movl   $0x2,0x1c(%rsp)
   0x00007ffff32f30be <+174>:	test   %ebx,%ebx
   0x00007ffff32f30c0 <+176>:	mov    %r8d,0x28(%rsp)
   0x00007ffff32f30c5 <+181>:	mov    %ecx,0x10(%rsp)
   0x00007ffff32f30c9 <+185>:	mov    %r10,0x8(%rsp)
   0x00007ffff32f30ce <+190>:	jle    0x7ffff32f30f0 <general_composite_rect+224>
   0x00007ffff32f30d0 <+192>:	lea    0x0(%r13,%r13,2),%ebp
   0x00007ffff32f30d5 <+197>:	mov    %ebx,%edi
   0x00007ffff32f30d7 <+199>:	mov    %ebp,%esi
   0x00007ffff32f30d9 <+201>:	callq  0x7ffff3301aa0 <_pixman_multiply_overflows_int>
   0x00007ffff32f30de <+206>:	test   %eax,%eax
   0x00007ffff32f30e0 <+208>:	mov    0x8(%rsp),%r10
   0x00007ffff32f30e5 <+213>:	mov    0x10(%rsp),%ecx
   0x00007ffff32f30e9 <+217>:	mov    0x28(%rsp),%r8d
   0x00007ffff32f30ee <+222>:	je     0x7ffff32f3120 <general_composite_rect+272>
   0x00007ffff32f30f0 <+224>:	mov    0x6188(%rsp),%rax
   0x00007ffff32f30f8 <+232>:	xor    %fs:0x28,%rax
   0x00007ffff32f3101 <+241>:	jne    0x7ffff32f3471 <general_composite_rect+1121>
   0x00007ffff32f3107 <+247>:	add    $0x6198,%rsp
   0x00007ffff32f310e <+254>:	pop    %rbx
   0x00007ffff32f310f <+255>:	pop    %rbp
---Type <return> to continue, or q <return> to quit---
   0x00007ffff32f3110 <+256>:	pop    %r12
   0x00007ffff32f3112 <+258>:	pop    %r13
   0x00007ffff32f3114 <+260>:	pop    %r14
   0x00007ffff32f3116 <+262>:	pop    %r15
   0x00007ffff32f3118 <+264>:	retq   
   0x00007ffff32f3119 <+265>:	nopl   0x0(%rax)
   0x00007ffff32f3120 <+272>:	imul   %ebx,%r13d
   0x00007ffff32f3124 <+276>:	lea    0x180(%rsp),%rdx
   0x00007ffff32f312c <+284>:	mov    %rdx,0x48(%rsp)
   0x00007ffff32f3131 <+289>:	mov    %rdx,0x28(%rsp)
   0x00007ffff32f3136 <+294>:	lea    0x0(%r13,%r13,2),%eax
   0x00007ffff32f313b <+299>:	cmp    $0x5fd3,%eax
   0x00007ffff32f3140 <+304>:	jg     0x7ffff32f33c0 <general_composite_rect+944>
   0x00007ffff32f3146 <+310>:	mov    0x28(%rsp),%rax
   0x00007ffff32f314b <+315>:	movslq %r13d,%r13
   0x00007ffff32f314e <+318>:	lea    0xf(%rax),%rbp
   0x00007ffff32f3152 <+322>:	and    $0xfffffffffffffff0,%rbp
   0x00007ffff32f3156 <+326>:	lea    0xf(%rbp,%r13,1),%r11
   0x00007ffff32f315b <+331>:	and    $0xfffffffffffffff0,%r11
   0x00007ffff32f315f <+335>:	lea    0xf(%r11,%r13,1),%rax
   0x00007ffff32f3164 <+340>:	and    $0xfffffffffffffff0,%rax
   0x00007ffff32f3168 <+344>:	cmpl   $0x2,0x1c(%rsp)
   0x00007ffff32f316d <+349>:	mov    %rax,0x40(%rsp)
   0x00007ffff32f3172 <+354>:	je     0x7ffff32f3418 <general_composite_rect+1032>
   0x00007ffff32f3178 <+360>:	mov    0x18(%rsp),%eax
   0x00007ffff32f317c <+364>:	lea    0x3f13d(%rip),%rdx        # 0x7ffff33322c0 <op_flags>
   0x00007ffff32f3183 <+371>:	lea    0x60(%rsp),%rsi
   0x00007ffff32f3188 <+376>:	mov    %r11,0x8(%rsp)
   0x00007ffff32f318d <+381>:	mov    %r10,0x58(%rsp)
   0x00007ffff32f3192 <+386>:	mov    %ebx,%r9d
   0x00007ffff32f3195 <+389>:	mov    %rsi,0x10(%rsp)
   0x00007ffff32f319a <+394>:	mov    %rax,0x50(%rsp)
   0x00007ffff32f319f <+399>:	movzbl (%rdx,%rax,2),%eax
   0x00007ffff32f31a3 <+403>:	or     0x1c(%rsp),%eax
   0x00007ffff32f31a7 <+407>:	mov    0x40(%r15),%edx
   0x00007ffff32f31ab <+411>:	push   %rdx
   0x00007ffff32f31ac <+412>:	mov    %eax,%edx
   0x00007ffff32f31ae <+414>:	mov    %eax,%r13d
   0x00007ffff32f31b1 <+417>:	or     $0x20,%edx
   0x00007ffff32f31b4 <+420>:	push   %rdx
   0x00007ffff32f31b5 <+421>:	push   %rbp
   0x00007ffff32f31b6 <+422>:	mov    %r14,%rdx
   0x00007ffff32f31b9 <+425>:	mov    0x1c(%rsp),%eax
   0x00007ffff32f31bd <+429>:	push   %rax
   0x00007ffff32f31be <+430>:	mov    (%r12),%rdi
   0x00007ffff32f31c2 <+434>:	callq  0x7ffff32f4f30 <_pixman_implementation_iter_init>
   0x00007ffff32f31c7 <+439>:	mov    %r13d,%eax
   0x00007ffff32f31ca <+442>:	add    $0x20,%rsp
   0x00007ffff32f31ce <+446>:	mov    0x8(%rsp),%r11
   0x00007ffff32f31d3 <+451>:	and    $0x18,%eax
   0x00007ffff32f31d6 <+454>:	cmp    $0x18,%eax
   0x00007ffff32f31d9 <+457>:	je     0x7ffff32f33f8 <general_composite_rect+1000>
   0x00007ffff32f31df <+463>:	mov    0x58(%rsp),%r10
   0x00007ffff32f31e4 <+468>:	test   %r10,%r10
   0x00007ffff32f31e7 <+471>:	je     0x7ffff32f33fb <general_composite_rect+1003>
   0x00007ffff32f31ed <+477>:	mov    0x68(%r10),%edx
   0x00007ffff32f31f1 <+481>:	test   %edx,%edx
   0x00007ffff32f31f3 <+483>:	je     0x7ffff32f33fb <general_composite_rect+1003>
   0x00007ffff32f31f9 <+489>:	mov    0x44(%r15),%edx
   0x00007ffff32f31fd <+493>:	movl   $0x1,0x58(%rsp)
   0x00007ffff32f3205 <+501>:	xor    %eax,%eax
   0x00007ffff32f3207 <+503>:	lea    0xc0(%rsp),%rcx
   0x00007ffff32f320f <+511>:	mov    %ebx,%r9d
   0x00007ffff32f3212 <+514>:	mov    %rcx,0x8(%rsp)
---Type <return> to continue, or q <return> to quit---
   0x00007ffff32f3217 <+519>:	push   %rdx
   0x00007ffff32f3218 <+520>:	mov    %rcx,%rsi
   0x00007ffff32f321b <+523>:	mov    0x24(%rsp),%r14d
   0x00007ffff32f3220 <+528>:	mov    %r14d,%edx
   0x00007ffff32f3223 <+531>:	or     $0x20,%edx
   0x00007ffff32f3226 <+534>:	or     %edx,%eax
   0x00007ffff32f3228 <+536>:	mov    %r10,%rdx
   0x00007ffff32f322b <+539>:	push   %rax
   0x00007ffff32f322c <+540>:	push   %r11
   0x00007ffff32f322e <+542>:	mov    0x1c(%rsp),%r13d
   0x00007ffff32f3233 <+547>:	push   %r13
   0x00007ffff32f3235 <+549>:	mov    0x54(%rsp),%r8d
   0x00007ffff32f323a <+554>:	mov    0x50(%rsp),%ecx
   0x00007ffff32f323e <+558>:	mov    (%r12),%rdi
   0x00007ffff32f3242 <+562>:	callq  0x7ffff32f4f30 <_pixman_implementation_iter_init>
   0x00007ffff32f3247 <+567>:	mov    0x48(%r15),%eax
   0x00007ffff32f324b <+571>:	add    $0x20,%rsp
   0x00007ffff32f324f <+575>:	mov    %ebx,%r9d
   0x00007ffff32f3252 <+578>:	lea    0x120(%rsp),%rbp
   0x00007ffff32f325a <+586>:	push   %rax
   0x00007ffff32f325b <+587>:	mov    0x58(%rsp),%rcx
   0x00007ffff32f3260 <+592>:	lea    0x3f059(%rip),%rax        # 0x7ffff33322c0 <op_flags>
   0x00007ffff32f3267 <+599>:	mov    %rbp,%rsi
   0x00007ffff32f326a <+602>:	movzbl 0x1(%rax,%rcx,2),%eax
   0x00007ffff32f326f <+607>:	or     $0x40,%eax
   0x00007ffff32f3272 <+610>:	movzbl %al,%eax
   0x00007ffff32f3275 <+613>:	or     %r14d,%eax
   0x00007ffff32f3278 <+616>:	push   %rax
   0x00007ffff32f3279 <+617>:	pushq  0x50(%rsp)
   0x00007ffff32f327d <+621>:	mov    %r13d,0x1c(%rsp)
   0x00007ffff32f3282 <+626>:	push   %r13
   0x00007ffff32f3284 <+628>:	mov    0x5c(%rsp),%r8d
   0x00007ffff32f3289 <+633>:	mov    0x58(%rsp),%ecx
   0x00007ffff32f328d <+637>:	mov    0x40(%rsp),%rdx
   0x00007ffff32f3292 <+642>:	mov    (%r12),%rdi
   0x00007ffff32f3296 <+646>:	callq  0x7ffff32f4f30 <_pixman_implementation_iter_init>
   0x00007ffff32f329b <+651>:	add    $0x20,%rsp
   0x00007ffff32f329f <+655>:	mov    0x58(%rsp),%edx
   0x00007ffff32f32a3 <+659>:	mov    0x18(%rsp),%esi
   0x00007ffff32f32a7 <+663>:	mov    (%r12),%rdi
   0x00007ffff32f32ab <+667>:	xor    %ecx,%ecx
   0x00007ffff32f32ad <+669>:	cmp    $0x2,%r14d
   0x00007ffff32f32b1 <+673>:	setne  %cl
   0x00007ffff32f32b4 <+676>:	xor    %r13d,%r13d
   0x00007ffff32f32b7 <+679>:	callq  0x7ffff32f4d20 <_pixman_implementation_lookup_combiner>
   0x00007ffff32f32bc <+684>:	mov    %rax,%r15
   0x00007ffff32f32bf <+687>:	mov    0x4(%rsp),%eax
   0x00007ffff32f32c3 <+691>:	test   %eax,%eax
   0x00007ffff32f32c5 <+693>:	jle    0x7ffff32f3335 <general_composite_rect+805>
   0x00007ffff32f32c7 <+695>:	mov    %r12,%rax
   0x00007ffff32f32ca <+698>:	mov    %ebx,0x1c(%rsp)
   0x00007ffff32f32ce <+702>:	mov    %r13d,%r12d
   0x00007ffff32f32d1 <+705>:	mov    %rax,%r13
   0x00007ffff32f32d4 <+708>:	nopl   0x0(%rax)
   0x00007ffff32f32d8 <+712>:	xor    %esi,%esi
   0x00007ffff32f32da <+714>:	mov    0x8(%rsp),%rdi
   0x00007ffff32f32df <+719>:	add    $0x1,%r12d
   0x00007ffff32f32e3 <+723>:	callq  *0xe8(%rsp)
   0x00007ffff32f32ea <+730>:	mov    0x10(%rsp),%rdi
   0x00007ffff32f32ef <+735>:	mov    %rax,%rbx
   0x00007ffff32f32f2 <+738>:	mov    %rax,%rsi
   0x00007ffff32f32f5 <+741>:	callq  *0x88(%rsp)
   0x00007ffff32f32fc <+748>:	mov    %rax,%r14
   0x00007ffff32f32ff <+751>:	xor    %esi,%esi
---Type <return> to continue, or q <return> to quit---
   0x00007ffff32f3301 <+753>:	mov    %rbp,%rdi
   0x00007ffff32f3304 <+756>:	callq  *0x148(%rsp)
   0x00007ffff32f330b <+763>:	mov    0x1c(%rsp),%r9d
   0x00007ffff32f3310 <+768>:	mov    %rbx,%r8
   0x00007ffff32f3313 <+771>:	mov    %r14,%rcx
   0x00007ffff32f3316 <+774>:	mov    %rax,%rdx
   0x00007ffff32f3319 <+777>:	mov    0x18(%rsp),%esi
   0x00007ffff32f331d <+781>:	mov    0x0(%r13),%rdi
   0x00007ffff32f3321 <+785>:	callq  *%r15
   0x00007ffff32f3324 <+788>:	mov    %rbp,%rdi
   0x00007ffff32f3327 <+791>:	callq  *0x150(%rsp)
   0x00007ffff32f332e <+798>:	cmp    0x4(%rsp),%r12d
   0x00007ffff32f3333 <+803>:	jne    0x7ffff32f32d8 <general_composite_rect+712>
   0x00007ffff32f3335 <+805>:	mov    0x98(%rsp),%rax
   0x00007ffff32f333d <+813>:	test   %rax,%rax
   0x00007ffff32f3340 <+816>:	je     0x7ffff32f3349 <general_composite_rect+825>
   0x00007ffff32f3342 <+818>:	mov    0x10(%rsp),%rdi
   0x00007ffff32f3347 <+823>:	callq  *%rax
   0x00007ffff32f3349 <+825>:	mov    0xf8(%rsp),%rax
   0x00007ffff32f3351 <+833>:	test   %rax,%rax
   0x00007ffff32f3354 <+836>:	je     0x7ffff32f335d <general_composite_rect+845>
   0x00007ffff32f3356 <+838>:	mov    0x8(%rsp),%rdi
   0x00007ffff32f335b <+843>:	callq  *%rax
   0x00007ffff32f335d <+845>:	mov    0x158(%rsp),%rax
   0x00007ffff32f3365 <+853>:	test   %rax,%rax
   0x00007ffff32f3368 <+856>:	je     0x7ffff32f336f <general_composite_rect+863>
   0x00007ffff32f336a <+858>:	mov    %rbp,%rdi
   0x00007ffff32f336d <+861>:	callq  *%rax
   0x00007ffff32f336f <+863>:	mov    0x28(%rsp),%rax
   0x00007ffff32f3374 <+868>:	mov    0x48(%rsp),%rcx
   0x00007ffff32f3379 <+873>:	cmp    %rcx,%rax
   0x00007ffff32f337c <+876>:	je     0x7ffff32f30f0 <general_composite_rect+224>
   0x00007ffff32f3382 <+882>:	mov    %rax,%rdi
   0x00007ffff32f3385 <+885>:	callq  0x7ffff32ab110
   0x00007ffff32f338a <+890>:	jmpq   0x7ffff32f30f0 <general_composite_rect+224>
   0x00007ffff32f338f <+895>:	nop
   0x00007ffff32f3390 <+896>:	mov    0x18(%rsp),%eax
   0x00007ffff32f3394 <+900>:	lea    0x3eea5(%rip),%rdx        # 0x7ffff3332240 <needs_division.4520>
   0x00007ffff32f339b <+907>:	cmpb   $0x1,(%rdx,%rax,1)
   0x00007ffff32f339f <+911>:	sbb    %r13d,%r13d
   0x00007ffff32f33a2 <+914>:	and    $0xfffffff4,%r13d
   0x00007ffff32f33a6 <+918>:	add    $0x10,%r13d
   0x00007ffff32f33aa <+922>:	cmpb   $0x1,(%rdx,%rax,1)
   0x00007ffff32f33ae <+926>:	sbb    %eax,%eax
   0x00007ffff32f33b0 <+928>:	add    $0x2,%eax
   0x00007ffff32f33b3 <+931>:	mov    %eax,0x1c(%rsp)
   0x00007ffff32f33b7 <+935>:	jmpq   0x7ffff32f30be <general_composite_rect+174>
   0x00007ffff32f33bc <+940>:	nopl   0x0(%rax)
   0x00007ffff32f33c0 <+944>:	mov    $0x2d,%edx
   0x00007ffff32f33c5 <+949>:	mov    %ebp,%esi
   0x00007ffff32f33c7 <+951>:	mov    %ebx,%edi
   0x00007ffff32f33c9 <+953>:	mov    %r8d,0x40(%rsp)
   0x00007ffff32f33ce <+958>:	callq  0x7ffff3301ad0 <pixman_malloc_ab_plus_c>
   0x00007ffff32f33d3 <+963>:	test   %rax,%rax
   0x00007ffff32f33d6 <+966>:	mov    %rax,0x28(%rsp)
   0x00007ffff32f33db <+971>:	mov    0x8(%rsp),%r10
   0x00007ffff32f33e0 <+976>:	mov    0x10(%rsp),%ecx
   0x00007ffff32f33e4 <+980>:	mov    0x40(%rsp),%r8d
   0x00007ffff32f33e9 <+985>:	jne    0x7ffff32f3146 <general_composite_rect+310>
   0x00007ffff32f33ef <+991>:	jmpq   0x7ffff32f30f0 <general_composite_rect+224>
   0x00007ffff32f33f4 <+996>:	nopl   0x0(%rax)
   0x00007ffff32f33f8 <+1000>:	xor    %r10d,%r10d
   0x00007ffff32f33fb <+1003>:	mov    0x44(%r15),%edx
   0x00007ffff32f33ff <+1007>:	movl   $0x0,0x58(%rsp)
---Type <return> to continue, or q <return> to quit---
   0x00007ffff32f3407 <+1015>:	mov    $0x10,%eax
   0x00007ffff32f340c <+1020>:	jmpq   0x7ffff32f3207 <general_composite_rect+503>
   0x00007ffff32f3411 <+1025>:	nopl   0x0(%rax)
   0x00007ffff32f3418 <+1032>:	mov    %r13,%rdx
   0x00007ffff32f341b <+1035>:	xor    %esi,%esi
   0x00007ffff32f341d <+1037>:	mov    %rbp,%rdi
   0x00007ffff32f3420 <+1040>:	mov    %r8d,0x58(%rsp)
   0x00007ffff32f3425 <+1045>:	mov    %ecx,0x50(%rsp)
   0x00007ffff32f3429 <+1049>:	mov    %r10,0x10(%rsp)
   0x00007ffff32f342e <+1054>:	mov    %r11,0x8(%rsp)
   0x00007ffff32f3433 <+1059>:	callq  0x7ffff32ab010
   0x00007ffff32f3438 <+1064>:	mov    0x8(%rsp),%r11
   0x00007ffff32f343d <+1069>:	mov    %r13,%rdx
   0x00007ffff32f3440 <+1072>:	xor    %esi,%esi
   0x00007ffff32f3442 <+1074>:	mov    %r11,%rdi
   0x00007ffff32f3445 <+1077>:	callq  0x7ffff32ab010
   0x00007ffff32f344a <+1082>:	mov    0x40(%rsp),%rdi
   0x00007ffff32f344f <+1087>:	mov    %r13,%rdx
   0x00007ffff32f3452 <+1090>:	xor    %esi,%esi
   0x00007ffff32f3454 <+1092>:	callq  0x7ffff32ab010
   0x00007ffff32f3459 <+1097>:	mov    0x58(%rsp),%r8d
   0x00007ffff32f345e <+1102>:	mov    0x50(%rsp),%ecx
   0x00007ffff32f3462 <+1106>:	mov    0x10(%rsp),%r10
   0x00007ffff32f3467 <+1111>:	mov    0x8(%rsp),%r11
   0x00007ffff32f346c <+1116>:	jmpq   0x7ffff32f3178 <general_composite_rect+360>
   0x00007ffff32f3471 <+1121>:	callq  0x7ffff32aaf50
End of assembler dump.
(gdb) 
`

**Comment by pullmoll** [comment]
You should use triple backquotes when pasting code fragments. I edited your comments.

**Comment by pullmoll** [comment]
FWIW for faad2 we have a [patch](https://github.com/voidlinux/void-packages/blob/master/srcpkgs/faad2/patches/fix-stack_usage.patch) which makes use of __thread static buffers to overcome the musl stack size issue.

**Comment by paoloschi** [comment]
> You should use triple backquotes when pasting code fragments. I edited your comments.

ah, thank you for teaching !!

**Comment by pullmoll** [comment]
Looking into `pixman-0.34.0/pixman/pixman-general.c:` there is:
```
    uint8_t stack_scanline_buffer[3 * SCANLINE_BUFFER_LENGTH];
```
so we could try with
```
    static __thread uint8_t stack_scanline_buffer[3 * SCANLINE_BUFFER_LENGTH];
```
and see if that fixes musl.

**Comment by pullmoll** [comment]
If you update to pixman-0.34.0_2 you could try if this fixes your issue.

**Comment by paoloschi** [comment]
Unfortunately, only a partial success: the issue has disappeared only when I enter `~/.local/share/applications` but if I try to go into `/usr/share/applications` I still have a immediate CRASH.. 
Also it still crashes in both 'case 2' and 'case 3' that I've described in my first comment. 

just produced a new tracking when I double-click on `/usr/share/applications`:

```
(gdb) run
Starting program: /usr/bin/spacefm 

(spacefm:1378): SpaceFM-WARNING **: No root settings found in /etc/spacefm/  Setting a root editor in Preferences should remove this warning on startup.   Otherwise commands run as root may present a security risk.
[New LWP 1385]
[LWP 1385 exited]
[New LWP 1387]
[LWP 1387 exited]
[New LWP 1388]
[LWP 1388 exited]
[New LWP 1389]

Thread 5 "spacefm" received signal SIGSEGV, Segmentation fault.
[Switching to LWP 1389]
generate (self=self@entry=0x7fffe7559bb0, renderer=renderer@entry=0x7fffe755a400, rectangles=rectangles@entry=0x7fffe7559340) at cairo-rectangular-scan-converter.c:491
491	cairo-rectangular-scan-converter.c: No such file or directory.
(gdb) backtrace
#0  generate (self=self@entry=0x7fffe7559bb0, renderer=renderer@entry=0x7fffe755a400, rectangles=rectangles@entry=0x7fffe7559340) at cairo-rectangular-scan-converter.c:491
#1  0x00007ffff6e8ac9f in _cairo_rectangular_scan_converter_generate (converter=0x7fffe7559bb0, renderer=0x7fffe755a400) at cairo-rectangular-scan-converter.c:694
#2  0x00007ffff6e9214b in composite_boxes (extents=extents@entry=0x7fffe755bda0, boxes=boxes@entry=0x7fffe755b980, compositor=<optimized out>, compositor=<optimized out>)
    at cairo-spans-compositor.c:741
#3  0x00007ffff6e92e1c in clip_and_composite_boxes (compositor=compositor@entry=0x7ffff7151cc0 <spans>, extents=extents@entry=0x7fffe755bda0, boxes=boxes@entry=0x7fffe755b980)
    at cairo-spans-compositor.c:887
#4  0x00007ffff6e9364e in clip_and_composite_boxes (compositor=0x7ffff7151cc0 <spans>, extents=0x7fffe755bda0, boxes=0x7fffe755b980) at cairo-spans-compositor.c:901
#5  0x00007ffff6e93ae9 in _cairo_spans_compositor_fill (_compositor=0x7ffff7151cc0 <spans>, extents=0x7fffe755bda0, path=0x555555adda68, fill_rule=CAIRO_FILL_RULE_WINDING, 
    tolerance=0.10000000000000001, antialias=CAIRO_ANTIALIAS_DEFAULT) at cairo-spans-compositor.c:1126
#6  0x00007ffff6e4dc50 in _cairo_compositor_fill (compositor=0x7ffff7151cc0 <spans>, surface=0x555555ce6e60, op=<optimized out>, source=<optimized out>, path=0x555555adda68, 
    fill_rule=CAIRO_FILL_RULE_WINDING, tolerance=0.10000000000000001, antialias=CAIRO_ANTIALIAS_DEFAULT, clip=0x0) at cairo-compositor.c:203
#7  0x00007ffff6e5f2d7 in _cairo_image_surface_fill (abstract_surface=<optimized out>, op=<optimized out>, source=<optimized out>, path=<optimized out>, fill_rule=<optimized out>, 
    tolerance=<optimized out>, antialias=<optimized out>, clip=0x0) at cairo-image-surface.c:985
#8  0x00007ffff6e96fa7 in _cairo_surface_fill (surface=0x555555ce6e60, op=op@entry=CAIRO_OPERATOR_OVER, source=source@entry=0x7fffe755c170, path=path@entry=0x555555adda68, 
    fill_rule=CAIRO_FILL_RULE_WINDING, tolerance=0.10000000000000001, antialias=CAIRO_ANTIALIAS_DEFAULT, clip=0x0) at cairo-surface.c:2341
#9  0x00007ffff6e5613c in _cairo_gstate_fill (gstate=0x555555add730, path=path@entry=0x555555adda68) at cairo-gstate.c:1317
#10 0x00007ffff6e4f3f9 in _cairo_default_context_fill (abstract_cr=0x555555add700) at cairo-default-context.c:1055
#11 0x00007ffff6e483d5 in cairo_fill (cr=0x555555add700) at cairo.c:2205
#12 0x00007fffe7f1a875 in ?? () from /lib/librsvg-2.so.2
#13 0x00007fffe7f16c82 in ?? () from /lib/librsvg-2.so.2
#14 0x00007fffe7f0e48b in ?? () from /lib/librsvg-2.so.2
#15 0x00007fffe7f0e503 in ?? () from /lib/librsvg-2.so.2
#16 0x00007fffe7f0e48b in ?? () from /lib/librsvg-2.so.2
#17 0x00007fffe7f0e8a3 in ?? () from /lib/librsvg-2.so.2
#18 0x00007fffe7f0e48b in ?? () from /lib/librsvg-2.so.2
#19 0x00007fffe7f1b3e3 in rsvg_handle_render_cairo_sub () from /lib/librsvg-2.so.2
#20 0x00007fffe7f1b8e8 in rsvg_handle_get_pixbuf_sub () from /lib/librsvg-2.so.2
#21 0x00007fffe8128e66 in ?? () from /usr/lib/gdk-pixbuf-2.0/2.10.0/loaders/libpixbufloader-svg.so
#22 0x00007ffff6c0e708 in gdk_pixbuf_loader_close (loader=loader@entry=0x5555559e0180, error=error@entry=0x0) at gdk-pixbuf-loader.c:819
#23 0x00007ffff6c0c10a in gdk_pixbuf_new_from_file_at_scale (filename=0x555555bd1f80 "/usr/share/icons/hicolor/scalable/apps/clipit-trayicon.svg", width=width@entry=128, 
    height=height@entry=128, preserve_aspect_ratio=preserve_aspect_ratio@entry=1, error=error@entry=0x0) at gdk-pixbuf-io.c:1379
#24 0x00007ffff6c0c29d in gdk_pixbuf_new_from_file_at_size (filename=<optimized out>, width=width@entry=128, height=height@entry=128, error=error@entry=0x0) at gdk-pixbuf-io.c:1196
#25 0x000055555558fcbf in vfs_load_icon (theme=theme@entry=0x555555898a90, icon_name=icon_name@entry=0x555555c1ba80 "clipit-trayicon", size=size@entry=128) at vfs/vfs-utils.c:48
#26 0x0000555555581ae7 in vfs_app_desktop_get_icon (app=app@entry=0x555555c10b00, size=128, use_fallback=use_fallback@entry=0) at vfs/vfs-app-desktop.c:261
#27 0x000055555557f2d1 in vfs_file_info_load_special_info (fi=fi@entry=0x555555c14ce0, file_path=file_path@entry=0x555555bf7ca0 "/usr/share/applications/clipit.desktop")
    at vfs/vfs-file-info.c:828
#28 0x00005555555805c4 in vfs_dir_load_thread (task=<optimized out>, dir=0x555555bd4310) at vfs/vfs-dir.c:713
#29 0x000055555558ef60 in vfs_async_task_thread (_task=0x555555b3cd40) at vfs/vfs-async-task.c:147
#30 0x00007ffff5f3e025 in g_thread_proxy (data=0x555555c124f0) at gthread.c:780
#31 0x00007ffff7dbfa6b in start (p=0x7fffe7572ab0) at src/thread/pthread_create.c:145
#32 0x00007ffff7dcbd8a in __clone () at src/thread/x86_64/clone.s:21
Backtrace stopped: frame did not save the PC
(gdb) info registers
rax            0xfffff727	4294965031
rbx            0x7fffe7556510	140737074521360
rcx            0x3c	60
rdx            0x7fffe7559340	140737074533184
rsi            0x7fffe755a400	140737074537472
rdi            0x7fffe7559bb0	140737074535344
rbp            0x7fffe7559340	0x7fffe7559340
rsp            0x7fffe75564e0	0x7fffe75564e0
r8             0x555555cdfe38	93825000144440
r9             0x555555cdfda8	93825000144296
r10            0x3c	60
r11            0x3d	61
r12            0x7fffe7559bb0	140737074535344
r13            0x32	50
r14            0x0	0
r15            0x7fffe7559bb0	140737074535344
rip            0x7ffff6e8a22c	0x7ffff6e8a22c <generate+28>
eflags         0x10202	[ IF RF ]
cs             0x33	51
ss             0x2b	43
ds             0x0	0
es             0x0	0
fs             0x0	0
gs             0x0	0
(gdb) disassemble
Dump of assembler code for function generate:
   0x00007ffff6e8a210 <+0>:	push   %r15
   0x00007ffff6e8a212 <+2>:	push   %r14
   0x00007ffff6e8a214 <+4>:	mov    %rdi,%r15
   0x00007ffff6e8a217 <+7>:	push   %r13
   0x00007ffff6e8a219 <+9>:	push   %r12
   0x00007ffff6e8a21b <+11>:	push   %rbp
   0x00007ffff6e8a21c <+12>:	push   %rbx
   0x00007ffff6e8a21d <+13>:	mov    %rdx,%rbp
   0x00007ffff6e8a220 <+16>:	sub    $0x2e18,%rsp
   0x00007ffff6e8a227 <+23>:	lea    0x30(%rsp),%rbx
=> 0x00007ffff6e8a22c <+28>:	mov    %rdi,0x10(%rsp)
   0x00007ffff6e8a231 <+33>:	lea    0x2048(%rsp),%rdx
   0x00007ffff6e8a239 <+41>:	mov    %fs:0x28,%rax
   0x00007ffff6e8a242 <+50>:	mov    %rax,0x2e08(%rsp)
   0x00007ffff6e8a24a <+58>:	xor    %eax,%eax
   0x00007ffff6e8a24c <+60>:	lea    0x2110(%rsp),%rdi
   0x00007ffff6e8a254 <+68>:	lea    0x2078(%rsp),%rax
   0x00007ffff6e8a25c <+76>:	mov    %rsi,0x8(%rsp)
   0x00007ffff6e8a261 <+81>:	mov    $0x20,%esi
   0x00007ffff6e8a266 <+86>:	movl   $0x80000000,0x2058(%rsp)
   0x00007ffff6e8a271 <+97>:	movl   $0x7fffffff,0x2088(%rsp)
   0x00007ffff6e8a27c <+108>:	mov    %rax,0x2048(%rsp)
   0x00007ffff6e8a284 <+116>:	mov    %rax,0x20a8(%rsp)
   0x00007ffff6e8a28c <+124>:	mov    %rdx,0x2080(%rsp)
   0x00007ffff6e8a294 <+132>:	callq  0x7ffff6e52bd0 <_cairo_freepool_init>
   0x00007ffff6e8a299 <+137>:	lea    0x2500(%rbx),%rax
   0x00007ffff6e8a2a0 <+144>:	lea    0x2d10(%rbx),%rdi
   0x00007ffff6e8a2a7 <+151>:	movl   $0x100,0x2d3c(%rsp)
   0x00007ffff6e8a2b2 <+162>:	movq   $0x0,0x20c0(%rsp)
   0x00007ffff6e8a2be <+174>:	movl   $0x80000000,0x20d0(%rsp)
   0x00007ffff6e8a2c9 <+185>:	mov    %rax,0x2d30(%rsp)
   0x00007ffff6e8a2d1 <+193>:	lea    0x18(%rbx),%rax
   0x00007ffff6e8a2d5 <+197>:	movq   $0x0,0x20e8(%rsp)
   0x00007ffff6e8a2e1 <+209>:	movl   $0x7fffffff,0x20f0(%rsp)
   0x00007ffff6e8a2ec <+220>:	movl   $0x400,0x3c(%rsp)
   0x00007ffff6e8a2f4 <+228>:	mov    %rax,0x40(%rsp)
   0x00007ffff6e8a2f9 <+233>:	mov    0x18(%r15),%eax
   0x00007ffff6e8a2fd <+237>:	movl   $0x0,0x38(%rsp)
   0x00007ffff6e8a305 <+245>:	movq   $0x0,0x50(%rsp)
   0x00007ffff6e8a30e <+254>:	mov    %rbp,0x30(%rsp)
   0x00007ffff6e8a313 <+259>:	mov    %eax,0x24(%rsp)
   0x00007ffff6e8a317 <+263>:	sar    $0x8,%eax
   0x00007ffff6e8a31a <+266>:	mov    %eax,0x20b4(%rsp)
   0x00007ffff6e8a321 <+273>:	mov    0x20(%r15),%eax
   0x00007ffff6e8a325 <+277>:	mov    %eax,0x28(%rsp)
   0x00007ffff6e8a329 <+281>:	sar    $0x8,%eax
   0x00007ffff6e8a32c <+284>:	mov    %eax,0x20b8(%rsp)
   0x00007ffff6e8a333 <+291>:	callq  0x7ffff6e38620 <setjmp@plt>
   0x00007ffff6e8a338 <+296>:	test   %eax,%eax
   0x00007ffff6e8a33a <+298>:	mov    %eax,%r12d
   0x00007ffff6e8a33d <+301>:	jne    0x7ffff6e8a649 <generate+1081>
   0x00007ffff6e8a343 <+307>:	mov    0x10(%rsp),%rax
   0x00007ffff6e8a348 <+312>:	mov    0x30(%rsp),%rdx
   0x00007ffff6e8a34d <+317>:	lea    0x30(%rsp),%rbx
   0x00007ffff6e8a352 <+322>:	lea    0x18(%rbx),%rdi
   0x00007ffff6e8a356 <+326>:	mov    0x1c(%rax),%eax
   0x00007ffff6e8a359 <+329>:	lea    0x8(%rdx),%rcx
   0x00007ffff6e8a35d <+333>:	mov    %rdi,0x18(%rsp)
   0x00007ffff6e8a362 <+338>:	mov    %rcx,0x30(%rsp)
   0x00007ffff6e8a367 <+343>:	mov    %eax,0x2c(%rsp)
   0x00007ffff6e8a36b <+347>:	sar    $0x8,%eax
   0x00007ffff6e8a36e <+350>:	mov    %eax,0x20b0(%rsp)
   0x00007ffff6e8a375 <+357>:	mov    (%rdx),%r13
---Type <return> to continue, or q <return> to quit---
   0x00007ffff6e8a378 <+360>:	mov    0x20(%r13),%ecx
   0x00007ffff6e8a37c <+364>:	cmp    %ecx,%eax
   0x00007ffff6e8a37e <+366>:	je     0x7ffff6e8a3a0 <generate+400>
   0x00007ffff6e8a380 <+368>:	mov    0x8(%rsp),%rsi
   0x00007ffff6e8a385 <+373>:	mov    %ecx,%edx
   0x00007ffff6e8a387 <+375>:	mov    %rbx,%rdi
   0x00007ffff6e8a38a <+378>:	sub    %eax,%edx
   0x00007ffff6e8a38c <+380>:	callq  0x7ffff6e89a90 <render_rows>
   0x00007ffff6e8a391 <+385>:	mov    0x20(%r13),%eax
   0x00007ffff6e8a395 <+389>:	mov    %eax,0x20b0(%rsp)
   0x00007ffff6e8a39c <+396>:	nopl   0x0(%rax)
   0x00007ffff6e8a3a0 <+400>:	mov    0x20a8(%rsp),%rax
   0x00007ffff6e8a3a8 <+408>:	mov    0x10(%r13),%edx
   0x00007ffff6e8a3ac <+412>:	cmp    %edx,0x10(%rax)
   0x00007ffff6e8a3af <+415>:	je     0x7ffff6e8a3f8 <generate+488>
   0x00007ffff6e8a3b1 <+417>:	jle    0x7ffff6e8a3f0 <generate+480>
   0x00007ffff6e8a3b3 <+419>:	jmp    0x7ffff6e8a3d2 <generate+450>
   0x00007ffff6e8a3b5 <+421>:	nopl   (%rax)
   0x00007ffff6e8a3b8 <+424>:	mov    0x8(%rcx),%rsi
   0x00007ffff6e8a3bc <+428>:	cmp    0x10(%rsi),%edx
   0x00007ffff6e8a3bf <+431>:	jg     0x7ffff6e8a5d7 <generate+967>
   0x00007ffff6e8a3c5 <+437>:	mov    0x8(%rsi),%rax
   0x00007ffff6e8a3c9 <+441>:	cmp    0x10(%rax),%edx
   0x00007ffff6e8a3cc <+444>:	jg     0x7ffff6e8a5e2 <generate+978>
   0x00007ffff6e8a3d2 <+450>:	mov    0x8(%rax),%rcx
   0x00007ffff6e8a3d6 <+454>:	cmp    0x10(%rcx),%edx
   0x00007ffff6e8a3d9 <+457>:	jle    0x7ffff6e8a3b8 <generate+424>
   0x00007ffff6e8a3db <+459>:	mov    %rcx,%rdx
   0x00007ffff6e8a3de <+462>:	jmp    0x7ffff6e8a3fc <generate+492>
   0x00007ffff6e8a3e0 <+464>:	mov    (%rax),%rax
   0x00007ffff6e8a3e3 <+467>:	cmp    0x10(%rax),%edx
   0x00007ffff6e8a3e6 <+470>:	jle    0x7ffff6e8a3f8 <generate+488>
   0x00007ffff6e8a3e8 <+472>:	mov    (%rax),%rax
   0x00007ffff6e8a3eb <+475>:	cmp    0x10(%rax),%edx
   0x00007ffff6e8a3ee <+478>:	jle    0x7ffff6e8a3f8 <generate+488>
   0x00007ffff6e8a3f0 <+480>:	mov    (%rax),%rax
   0x00007ffff6e8a3f3 <+483>:	cmp    0x10(%rax),%edx
   0x00007ffff6e8a3f6 <+486>:	jg     0x7ffff6e8a3e0 <generate+464>
   0x00007ffff6e8a3f8 <+488>:	mov    0x8(%rax),%rdx
   0x00007ffff6e8a3fc <+492>:	mov    %r13,(%rdx)
   0x00007ffff6e8a3ff <+495>:	mov    0x8(%rax),%rdx
   0x00007ffff6e8a403 <+499>:	mov    %rax,0x0(%r13)
   0x00007ffff6e8a407 <+503>:	mov    %rdx,0x8(%r13)
   0x00007ffff6e8a40b <+507>:	mov    %r13,0x8(%rax)
   0x00007ffff6e8a40f <+511>:	mov    0x38(%rsp),%eax
   0x00007ffff6e8a413 <+515>:	mov    %r13,0x20a8(%rsp)
   0x00007ffff6e8a41b <+523>:	mov    0x40(%rsp),%rdi
   0x00007ffff6e8a420 <+528>:	lea    0x1(%rax),%ebp
   0x00007ffff6e8a423 <+531>:	cmp    0x3c(%rsp),%ebp
   0x00007ffff6e8a427 <+535>:	movslq %ebp,%rdx
   0x00007ffff6e8a42a <+538>:	je     0x7ffff6e8a5ed <generate+989>
   0x00007ffff6e8a430 <+544>:	cmp    $0x1,%edx
   0x00007ffff6e8a433 <+547>:	mov    %edx,0x38(%rsp)
   0x00007ffff6e8a437 <+551>:	je     0x7ffff6e8a47f <generate+623>
   0x00007ffff6e8a439 <+553>:	mov    %edx,%eax
   0x00007ffff6e8a43b <+555>:	sar    %eax
   0x00007ffff6e8a43d <+557>:	movslq %eax,%rcx
   0x00007ffff6e8a440 <+560>:	mov    (%rdi,%rcx,8),%rcx
   0x00007ffff6e8a444 <+564>:	mov    0x24(%rcx),%esi
   0x00007ffff6e8a447 <+567>:	cmp    %esi,0x24(%r13)
   0x00007ffff6e8a44b <+571>:	js     0x7ffff6e8a476 <generate+614>
   0x00007ffff6e8a44d <+573>:	jmpq   0x7ffff6e8a5ce <generate+958>
   0x00007ffff6e8a452 <+578>:	nopw   0x0(%rax,%rax,1)
   0x00007ffff6e8a458 <+584>:	mov    %eax,%esi
---Type <return> to continue, or q <return> to quit---
   0x00007ffff6e8a45a <+586>:	sar    %esi
   0x00007ffff6e8a45c <+588>:	movslq %esi,%rdx
   0x00007ffff6e8a45f <+591>:	mov    (%rdi,%rdx,8),%rcx
   0x00007ffff6e8a463 <+595>:	movslq %eax,%rdx
   0x00007ffff6e8a466 <+598>:	mov    0x24(%rcx),%r15d
   0x00007ffff6e8a46a <+602>:	cmp    %r15d,0x24(%r13)
   0x00007ffff6e8a46e <+606>:	jns    0x7ffff6e8a5cb <generate+955>
   0x00007ffff6e8a474 <+612>:	mov    %esi,%eax
   0x00007ffff6e8a476 <+614>:	cmp    $0x1,%eax
   0x00007ffff6e8a479 <+617>:	mov    %rcx,(%rdi,%rdx,8)
   0x00007ffff6e8a47d <+621>:	jne    0x7ffff6e8a458 <generate+584>
   0x00007ffff6e8a47f <+623>:	mov    $0x8,%edx
   0x00007ffff6e8a484 <+628>:	mov    %r13,(%rdi,%rdx,1)
   0x00007ffff6e8a488 <+632>:	mov    0x30(%rsp),%rax
   0x00007ffff6e8a48d <+637>:	lea    0x8(%rax),%rdx
   0x00007ffff6e8a491 <+641>:	mov    %rdx,0x30(%rsp)
   0x00007ffff6e8a496 <+646>:	mov    (%rax),%r13
   0x00007ffff6e8a499 <+649>:	test   %r13,%r13
   0x00007ffff6e8a49c <+652>:	je     0x7ffff6e8a6e2 <generate+1234>
   0x00007ffff6e8a4a2 <+658>:	mov    0x20b0(%rsp),%eax
   0x00007ffff6e8a4a9 <+665>:	cmp    %eax,0x20(%r13)
   0x00007ffff6e8a4ad <+669>:	je     0x7ffff6e8a3a0 <generate+400>
   0x00007ffff6e8a4b3 <+675>:	mov    0x8(%rsp),%rsi
   0x00007ffff6e8a4b8 <+680>:	mov    $0x1,%edx
   0x00007ffff6e8a4bd <+685>:	mov    %rbx,%rdi
   0x00007ffff6e8a4c0 <+688>:	mov    %r13,%rbp
   0x00007ffff6e8a4c3 <+691>:	callq  0x7ffff6e89a90 <render_rows>
   0x00007ffff6e8a4c8 <+696>:	mov    0x40(%rsp),%rax
   0x00007ffff6e8a4cd <+701>:	mov    0x8(%rax),%r14
   0x00007ffff6e8a4d1 <+705>:	mov    0x20b0(%rsp),%eax
   0x00007ffff6e8a4d8 <+712>:	cmp    %eax,0x24(%r14)
   0x00007ffff6e8a4dc <+716>:	jne    0x7ffff6e8a9b2 <generate+1954>
   0x00007ffff6e8a4e2 <+722>:	cmp    0x20a8(%rsp),%r14
   0x00007ffff6e8a4ea <+730>:	je     0x7ffff6e8a6d2 <generate+1218>
   0x00007ffff6e8a4f0 <+736>:	mov    0x8(%r14),%rax
   0x00007ffff6e8a4f4 <+740>:	mov    (%r14),%rdx
   0x00007ffff6e8a4f7 <+743>:	mov    %rdx,(%rax)
   0x00007ffff6e8a4fa <+746>:	mov    (%r14),%rax
   0x00007ffff6e8a4fd <+749>:	mov    0x8(%r14),%rdx
   0x00007ffff6e8a501 <+753>:	mov    %rdx,0x8(%rax)
   0x00007ffff6e8a505 <+757>:	movslq 0x38(%rsp),%rax
   0x00007ffff6e8a50a <+762>:	mov    0x40(%rsp),%r8
   0x00007ffff6e8a50f <+767>:	lea    -0x1(%rax),%ecx
   0x00007ffff6e8a512 <+770>:	test   %ecx,%ecx
   0x00007ffff6e8a514 <+772>:	mov    %ecx,0x38(%rsp)
   0x00007ffff6e8a518 <+776>:	mov    (%r8,%rax,8),%r10
   0x00007ffff6e8a51c <+780>:	je     0x7ffff6e8a6c5 <generate+1205>
   0x00007ffff6e8a522 <+786>:	cmp    $0x1,%ecx
   0x00007ffff6e8a525 <+789>:	mov    $0x1,%edx
   0x00007ffff6e8a52a <+794>:	mov    $0x2,%eax
   0x00007ffff6e8a52f <+799>:	lea    0x8(%r8),%r9
   0x00007ffff6e8a533 <+803>:	jg     0x7ffff6e8a580 <generate+880>
   0x00007ffff6e8a535 <+805>:	jmp    0x7ffff6e8a59d <generate+909>
   0x00007ffff6e8a537 <+807>:	nopw   0x0(%rax,%rax,1)
   0x00007ffff6e8a540 <+816>:	shl    $0x3,%rcx
   0x00007ffff6e8a544 <+820>:	mov    %eax,%esi
   0x00007ffff6e8a546 <+822>:	lea    (%r8,%rcx,1),%r9
   0x00007ffff6e8a54a <+826>:	lea    0x8(%r8,%rcx,1),%r11
   0x00007ffff6e8a54f <+831>:	mov    (%r9),%rdi
   0x00007ffff6e8a552 <+834>:	mov    (%r11),%r14
   0x00007ffff6e8a555 <+837>:	mov    0x24(%rdi),%ecx
   0x00007ffff6e8a558 <+840>:	mov    0x24(%r14),%r15d
   0x00007ffff6e8a55c <+844>:	cmp    %ecx,%r15d
   0x00007ffff6e8a55f <+847>:	js     0x7ffff6e8a6b4 <generate+1188>
---Type <return> to continue, or q <return> to quit---
   0x00007ffff6e8a565 <+853>:	cmp    0x24(%r10),%ecx
   0x00007ffff6e8a569 <+857>:	jns    0x7ffff6e8a599 <generate+905>
   0x00007ffff6e8a56b <+859>:	movslq %edx,%rax
   0x00007ffff6e8a56e <+862>:	mov    %rdi,(%r8,%rax,8)
   0x00007ffff6e8a572 <+866>:	mov    0x38(%rsp),%ecx
   0x00007ffff6e8a576 <+870>:	lea    (%rsi,%rsi,1),%eax
   0x00007ffff6e8a579 <+873>:	cmp    %ecx,%eax
   0x00007ffff6e8a57b <+875>:	jg     0x7ffff6e8a59d <generate+909>
   0x00007ffff6e8a57d <+877>:	movslq %esi,%rdx
   0x00007ffff6e8a580 <+880>:	cmp    %ecx,%eax
   0x00007ffff6e8a582 <+882>:	movslq %eax,%rcx
   0x00007ffff6e8a585 <+885>:	jne    0x7ffff6e8a540 <generate+816>
   0x00007ffff6e8a587 <+887>:	lea    (%r8,%rcx,8),%r9
   0x00007ffff6e8a58b <+891>:	mov    %eax,%esi
   0x00007ffff6e8a58d <+893>:	mov    (%r9),%rdi
   0x00007ffff6e8a590 <+896>:	mov    0x24(%rdi),%ecx
   0x00007ffff6e8a593 <+899>:	cmp    0x24(%r10),%ecx
   0x00007ffff6e8a597 <+903>:	js     0x7ffff6e8a56b <generate+859>
   0x00007ffff6e8a599 <+905>:	lea    (%r8,%rdx,8),%r9
   0x00007ffff6e8a59d <+909>:	mov    %r10,(%r9)
   0x00007ffff6e8a5a0 <+912>:	mov    0x40(%rsp),%rax
   0x00007ffff6e8a5a5 <+917>:	mov    0x8(%rax),%r14
   0x00007ffff6e8a5a9 <+921>:	test   %r14,%r14
   0x00007ffff6e8a5ac <+924>:	jne    0x7ffff6e8a4d1 <generate+705>
   0x00007ffff6e8a5b2 <+930>:	mov    0x20b0(%rsp),%eax
   0x00007ffff6e8a5b9 <+937>:	add    $0x1,%eax
   0x00007ffff6e8a5bc <+940>:	mov    %eax,0x20b0(%rsp)
   0x00007ffff6e8a5c3 <+947>:	mov    0x20(%rbp),%ecx
   0x00007ffff6e8a5c6 <+950>:	jmpq   0x7ffff6e8a37c <generate+364>
   0x00007ffff6e8a5cb <+955>:	movslq %eax,%rdx
   0x00007ffff6e8a5ce <+958>:	shl    $0x3,%rdx
   0x00007ffff6e8a5d2 <+962>:	jmpq   0x7ffff6e8a484 <generate+628>
   0x00007ffff6e8a5d7 <+967>:	mov    %rsi,%rdx
   0x00007ffff6e8a5da <+970>:	mov    %rcx,%rax
   0x00007ffff6e8a5dd <+973>:	jmpq   0x7ffff6e8a3fc <generate+492>
   0x00007ffff6e8a5e2 <+978>:	mov    %rax,%rdx
   0x00007ffff6e8a5e5 <+981>:	mov    %rsi,%rax
   0x00007ffff6e8a5e8 <+984>:	jmpq   0x7ffff6e8a3fc <generate+492>
   0x00007ffff6e8a5ed <+989>:	mov    0x40(%rsp),%rdi
   0x00007ffff6e8a5f2 <+994>:	cmp    0x18(%rsp),%rdi
   0x00007ffff6e8a5f7 <+999>:	lea    0x0(%rbp,%rbp,1),%eax
   0x00007ffff6e8a5fb <+1003>:	mov    %eax,0x3c(%rsp)
   0x00007ffff6e8a5ff <+1007>:	je     0x7ffff6e8a975 <generate+1893>
   0x00007ffff6e8a605 <+1013>:	cmp    $0xffffffe,%eax
   0x00007ffff6e8a60a <+1018>:	jbe    0x7ffff6e8a7e7 <generate+1495>
   0x00007ffff6e8a610 <+1024>:	mov    $0x1,%edi
   0x00007ffff6e8a615 <+1029>:	callq  0x7ffff6e50fc0 <_cairo_error>
   0x00007ffff6e8a61a <+1034>:	lea    0x2d40(%rsp),%rdi
   0x00007ffff6e8a622 <+1042>:	mov    %eax,%esi
   0x00007ffff6e8a624 <+1044>:	callq  0x7ffff6e37c40 <longjmp@plt>
   0x00007ffff6e8a629 <+1049>:	nopl   0x0(%rax)
   0x00007ffff6e8a630 <+1056>:	lea    (%r9,%rdx,8),%r8
   0x00007ffff6e8a634 <+1060>:	mov    %r11,(%r8)
   0x00007ffff6e8a637 <+1063>:	mov    0x40(%rsp),%rax
   0x00007ffff6e8a63c <+1068>:	mov    0x8(%rax),%rbp
   0x00007ffff6e8a640 <+1072>:	test   %rbp,%rbp
   0x00007ffff6e8a643 <+1075>:	jne    0x7ffff6e8a6ff <generate+1263>
   0x00007ffff6e8a649 <+1081>:	lea    0x2110(%rsp),%rdi
   0x00007ffff6e8a651 <+1089>:	lea    0x30(%rsp),%rbx
   0x00007ffff6e8a656 <+1094>:	callq  0x7ffff6e52c10 <_cairo_freepool_fini>
   0x00007ffff6e8a65b <+1099>:	mov    0x40(%rsp),%rdi
   0x00007ffff6e8a660 <+1104>:	add    $0x18,%rbx
   0x00007ffff6e8a664 <+1108>:	cmp    %rbx,%rdi
   0x00007ffff6e8a667 <+1111>:	je     0x7ffff6e8a66e <generate+1118>
---Type <return> to continue, or q <return> to quit---
   0x00007ffff6e8a669 <+1113>:	callq  0x7ffff6e373b0 <free@plt>
   0x00007ffff6e8a66e <+1118>:	mov    0x2d30(%rsp),%rdi
   0x00007ffff6e8a676 <+1126>:	lea    0x2530(%rsp),%rax
   0x00007ffff6e8a67e <+1134>:	cmp    %rax,%rdi
   0x00007ffff6e8a681 <+1137>:	je     0x7ffff6e8a688 <generate+1144>
   0x00007ffff6e8a683 <+1139>:	callq  0x7ffff6e373b0 <free@plt>
   0x00007ffff6e8a688 <+1144>:	mov    0x2e08(%rsp),%rbx
   0x00007ffff6e8a690 <+1152>:	xor    %fs:0x28,%rbx
   0x00007ffff6e8a699 <+1161>:	mov    %r12d,%eax
   0x00007ffff6e8a69c <+1164>:	jne    0x7ffff6e8ab50 <generate+2368>
   0x00007ffff6e8a6a2 <+1170>:	add    $0x2e18,%rsp
   0x00007ffff6e8a6a9 <+1177>:	pop    %rbx
   0x00007ffff6e8a6aa <+1178>:	pop    %rbp
   0x00007ffff6e8a6ab <+1179>:	pop    %r12
   0x00007ffff6e8a6ad <+1181>:	pop    %r13
   0x00007ffff6e8a6af <+1183>:	pop    %r14
   0x00007ffff6e8a6b1 <+1185>:	pop    %r15
   0x00007ffff6e8a6b3 <+1187>:	retq   
   0x00007ffff6e8a6b4 <+1188>:	add    $0x1,%esi
   0x00007ffff6e8a6b7 <+1191>:	mov    %r15d,%ecx
   0x00007ffff6e8a6ba <+1194>:	mov    %r14,%rdi
   0x00007ffff6e8a6bd <+1197>:	mov    %r11,%r9
   0x00007ffff6e8a6c0 <+1200>:	jmpq   0x7ffff6e8a565 <generate+853>
   0x00007ffff6e8a6c5 <+1205>:	movq   $0x0,0x8(%r8)
   0x00007ffff6e8a6cd <+1213>:	jmpq   0x7ffff6e8a5a0 <generate+912>
   0x00007ffff6e8a6d2 <+1218>:	mov    (%r14),%rax
   0x00007ffff6e8a6d5 <+1221>:	mov    %rax,0x20a8(%rsp)
   0x00007ffff6e8a6dd <+1229>:	jmpq   0x7ffff6e8a4f0 <generate+736>
   0x00007ffff6e8a6e2 <+1234>:	mov    0x8(%rsp),%rsi
   0x00007ffff6e8a6e7 <+1239>:	lea    0x30(%rsp),%rdi
   0x00007ffff6e8a6ec <+1244>:	mov    $0x1,%edx
   0x00007ffff6e8a6f1 <+1249>:	callq  0x7ffff6e89a90 <render_rows>
   0x00007ffff6e8a6f6 <+1254>:	mov    0x40(%rsp),%rax
   0x00007ffff6e8a6fb <+1259>:	mov    0x8(%rax),%rbp
   0x00007ffff6e8a6ff <+1263>:	mov    0x20b0(%rsp),%eax
   0x00007ffff6e8a706 <+1270>:	cmp    %eax,0x24(%rbp)
   0x00007ffff6e8a709 <+1273>:	jne    0x7ffff6e8a813 <generate+1539>
   0x00007ffff6e8a70f <+1279>:	cmp    0x20a8(%rsp),%rbp
   0x00007ffff6e8a717 <+1287>:	je     0x7ffff6e8a7d6 <generate+1478>
   0x00007ffff6e8a71d <+1293>:	mov    0x8(%rbp),%rax
   0x00007ffff6e8a721 <+1297>:	mov    0x0(%rbp),%rdx
   0x00007ffff6e8a725 <+1301>:	mov    %rdx,(%rax)
   0x00007ffff6e8a728 <+1304>:	mov    0x0(%rbp),%rax
   0x00007ffff6e8a72c <+1308>:	mov    0x8(%rbp),%rdx
   0x00007ffff6e8a730 <+1312>:	mov    %rdx,0x8(%rax)
   0x00007ffff6e8a734 <+1316>:	movslq 0x38(%rsp),%rax
   0x00007ffff6e8a739 <+1321>:	mov    0x40(%rsp),%r9
   0x00007ffff6e8a73e <+1326>:	lea    -0x1(%rax),%ecx
   0x00007ffff6e8a741 <+1329>:	test   %ecx,%ecx
   0x00007ffff6e8a743 <+1331>:	mov    %ecx,0x38(%rsp)
   0x00007ffff6e8a747 <+1335>:	mov    (%r9,%rax,8),%r11
   0x00007ffff6e8a74b <+1339>:	je     0x7ffff6e8a7c9 <generate+1465>
   0x00007ffff6e8a74d <+1341>:	cmp    $0x1,%ecx
   0x00007ffff6e8a750 <+1344>:	mov    $0x1,%edx
   0x00007ffff6e8a755 <+1349>:	mov    $0x2,%eax
   0x00007ffff6e8a75a <+1354>:	lea    0x8(%r9),%r8
   0x00007ffff6e8a75e <+1358>:	jg     0x7ffff6e8a7a7 <generate+1431>
   0x00007ffff6e8a760 <+1360>:	jmpq   0x7ffff6e8a634 <generate+1060>
   0x00007ffff6e8a765 <+1365>:	nopl   (%rax)
   0x00007ffff6e8a768 <+1368>:	shl    $0x3,%rcx
   0x00007ffff6e8a76c <+1372>:	mov    %eax,%esi
   0x00007ffff6e8a76e <+1374>:	lea    (%r9,%rcx,1),%r8
   0x00007ffff6e8a772 <+1378>:	lea    0x8(%r9,%rcx,1),%r10
   0x00007ffff6e8a777 <+1383>:	mov    (%r8),%rdi
---Type <return> to continue, or q <return> to quit---
   0x00007ffff6e8a77a <+1386>:	mov    (%r10),%rbx
   0x00007ffff6e8a77d <+1389>:	mov    0x24(%rdi),%ecx
   0x00007ffff6e8a780 <+1392>:	mov    0x24(%rbx),%ebp
   0x00007ffff6e8a783 <+1395>:	cmp    %ecx,%ebp
   0x00007ffff6e8a785 <+1397>:	js     0x7ffff6e8a7bc <generate+1452>
   0x00007ffff6e8a787 <+1399>:	cmp    0x24(%r11),%ecx
   0x00007ffff6e8a78b <+1403>:	jns    0x7ffff6e8a630 <generate+1056>
   0x00007ffff6e8a791 <+1409>:	mov    %rdi,(%r9,%rdx,8)
   0x00007ffff6e8a795 <+1413>:	mov    0x38(%rsp),%ecx
   0x00007ffff6e8a799 <+1417>:	lea    (%rsi,%rsi,1),%eax
   0x00007ffff6e8a79c <+1420>:	cmp    %ecx,%eax
   0x00007ffff6e8a79e <+1422>:	jg     0x7ffff6e8a634 <generate+1060>
   0x00007ffff6e8a7a4 <+1428>:	movslq %esi,%rdx
   0x00007ffff6e8a7a7 <+1431>:	cmp    %ecx,%eax
   0x00007ffff6e8a7a9 <+1433>:	movslq %eax,%rcx
   0x00007ffff6e8a7ac <+1436>:	jne    0x7ffff6e8a768 <generate+1368>
   0x00007ffff6e8a7ae <+1438>:	lea    (%r9,%rcx,8),%r8
   0x00007ffff6e8a7b2 <+1442>:	mov    %eax,%esi
   0x00007ffff6e8a7b4 <+1444>:	mov    (%r8),%rdi
   0x00007ffff6e8a7b7 <+1447>:	mov    0x24(%rdi),%ecx
   0x00007ffff6e8a7ba <+1450>:	jmp    0x7ffff6e8a787 <generate+1399>
   0x00007ffff6e8a7bc <+1452>:	add    $0x1,%esi
   0x00007ffff6e8a7bf <+1455>:	mov    %ebp,%ecx
   0x00007ffff6e8a7c1 <+1457>:	mov    %rbx,%rdi
   0x00007ffff6e8a7c4 <+1460>:	mov    %r10,%r8
   0x00007ffff6e8a7c7 <+1463>:	jmp    0x7ffff6e8a787 <generate+1399>
   0x00007ffff6e8a7c9 <+1465>:	movq   $0x0,0x8(%r9)
   0x00007ffff6e8a7d1 <+1473>:	jmpq   0x7ffff6e8a637 <generate+1063>
   0x00007ffff6e8a7d6 <+1478>:	mov    0x0(%rbp),%rax
   0x00007ffff6e8a7da <+1482>:	mov    %rax,0x20a8(%rsp)
   0x00007ffff6e8a7e2 <+1490>:	jmpq   0x7ffff6e8a71d <generate+1293>
   0x00007ffff6e8a7e7 <+1495>:	mov    %ebp,%edx
   0x00007ffff6e8a7e9 <+1497>:	shl    $0x4,%edx
   0x00007ffff6e8a7ec <+1500>:	mov    %edx,%esi
   0x00007ffff6e8a7ee <+1502>:	callq  0x7ffff6e36fd0 <realloc@plt>
   0x00007ffff6e8a7f3 <+1507>:	test   %rax,%rax
   0x00007ffff6e8a7f6 <+1510>:	je     0x7ffff6e8a610 <generate+1024>
   0x00007ffff6e8a7fc <+1516>:	mov    0x38(%rsp),%edi
   0x00007ffff6e8a800 <+1520>:	lea    0x1(%rdi),%ebp
   0x00007ffff6e8a803 <+1523>:	mov    %rax,0x40(%rsp)
   0x00007ffff6e8a808 <+1528>:	movslq %ebp,%rdx
   0x00007ffff6e8a80b <+1531>:	mov    %rax,%rdi
   0x00007ffff6e8a80e <+1534>:	jmpq   0x7ffff6e8a430 <generate+544>
   0x00007ffff6e8a813 <+1539>:	mov    0x10(%rsp),%r13
   0x00007ffff6e8a818 <+1544>:	lea    0x30(%rsp),%rbx
   0x00007ffff6e8a81d <+1549>:	mov    0x24(%r13),%edx
   0x00007ffff6e8a821 <+1553>:	add    $0x1,%eax
   0x00007ffff6e8a824 <+1556>:	mov    %eax,0x20b0(%rsp)
   0x00007ffff6e8a82b <+1563>:	sar    $0x8,%edx
   0x00007ffff6e8a82e <+1566>:	cmp    %edx,%eax
   0x00007ffff6e8a830 <+1568>:	jge    0x7ffff6e8a649 <generate+1081>
   0x00007ffff6e8a836 <+1574>:	mov    0x24(%rbp),%edx
   0x00007ffff6e8a839 <+1577>:	cmp    %edx,%eax
   0x00007ffff6e8a83b <+1579>:	je     0x7ffff6e8a856 <generate+1606>
   0x00007ffff6e8a83d <+1581>:	mov    0x8(%rsp),%rsi
   0x00007ffff6e8a842 <+1586>:	sub    %eax,%edx
   0x00007ffff6e8a844 <+1588>:	mov    %rbx,%rdi
   0x00007ffff6e8a847 <+1591>:	callq  0x7ffff6e89a90 <render_rows>
   0x00007ffff6e8a84c <+1596>:	mov    0x24(%rbp),%eax
   0x00007ffff6e8a84f <+1599>:	mov    %eax,0x20b0(%rsp)
   0x00007ffff6e8a856 <+1606>:	mov    0x8(%rsp),%rsi
   0x00007ffff6e8a85b <+1611>:	mov    $0x1,%edx
   0x00007ffff6e8a860 <+1616>:	mov    %rbx,%rdi
   0x00007ffff6e8a863 <+1619>:	callq  0x7ffff6e89a90 <render_rows>
---Type <return> to continue, or q <return> to quit---
   0x00007ffff6e8a868 <+1624>:	cmp    0x20a8(%rsp),%rbp
   0x00007ffff6e8a870 <+1632>:	je     0x7ffff6e8a949 <generate+1849>
   0x00007ffff6e8a876 <+1638>:	mov    0x8(%rbp),%rax
   0x00007ffff6e8a87a <+1642>:	mov    0x0(%rbp),%rdx
   0x00007ffff6e8a87e <+1646>:	mov    %rdx,(%rax)
   0x00007ffff6e8a881 <+1649>:	mov    0x0(%rbp),%rax
   0x00007ffff6e8a885 <+1653>:	mov    0x8(%rbp),%rdx
   0x00007ffff6e8a889 <+1657>:	mov    %rdx,0x8(%rax)
   0x00007ffff6e8a88d <+1661>:	movslq 0x38(%rsp),%rax
   0x00007ffff6e8a892 <+1666>:	mov    0x40(%rsp),%r9
   0x00007ffff6e8a897 <+1671>:	lea    -0x1(%rax),%ecx
   0x00007ffff6e8a89a <+1674>:	test   %ecx,%ecx
   0x00007ffff6e8a89c <+1676>:	mov    %ecx,0x38(%rsp)
   0x00007ffff6e8a8a0 <+1680>:	mov    (%r9,%rax,8),%r10
   0x00007ffff6e8a8a4 <+1684>:	je     0x7ffff6e8a96b <generate+1883>
   0x00007ffff6e8a8aa <+1690>:	cmp    $0x1,%ecx
   0x00007ffff6e8a8ad <+1693>:	mov    $0x1,%edx
   0x00007ffff6e8a8b2 <+1698>:	mov    $0x2,%eax
   0x00007ffff6e8a8b7 <+1703>:	lea    0x8(%r9),%r8
   0x00007ffff6e8a8bb <+1707>:	jg     0x7ffff6e8a8f9 <generate+1769>
   0x00007ffff6e8a8bd <+1709>:	jmp    0x7ffff6e8a916 <generate+1798>
   0x00007ffff6e8a8bf <+1711>:	nop
   0x00007ffff6e8a8c0 <+1712>:	shl    $0x3,%rcx
   0x00007ffff6e8a8c4 <+1716>:	mov    %eax,%esi
   0x00007ffff6e8a8c6 <+1718>:	lea    (%r9,%rcx,1),%r8
   0x00007ffff6e8a8ca <+1722>:	lea    0x8(%r9,%rcx,1),%r11
   0x00007ffff6e8a8cf <+1727>:	mov    (%r8),%rdi
   0x00007ffff6e8a8d2 <+1730>:	mov    (%r11),%rbp
   0x00007ffff6e8a8d5 <+1733>:	mov    0x24(%rdi),%ecx
   0x00007ffff6e8a8d8 <+1736>:	mov    0x24(%rbp),%r14d
   0x00007ffff6e8a8dc <+1740>:	cmp    %ecx,%r14d
   0x00007ffff6e8a8df <+1743>:	js     0x7ffff6e8a95a <generate+1866>
   0x00007ffff6e8a8e1 <+1745>:	cmp    0x24(%r10),%ecx
   0x00007ffff6e8a8e5 <+1749>:	jns    0x7ffff6e8a912 <generate+1794>
   0x00007ffff6e8a8e7 <+1751>:	mov    %rdi,(%r9,%rdx,8)
   0x00007ffff6e8a8eb <+1755>:	mov    0x38(%rsp),%ecx
   0x00007ffff6e8a8ef <+1759>:	lea    (%rsi,%rsi,1),%eax
   0x00007ffff6e8a8f2 <+1762>:	cmp    %ecx,%eax
   0x00007ffff6e8a8f4 <+1764>:	jg     0x7ffff6e8a916 <generate+1798>
   0x00007ffff6e8a8f6 <+1766>:	movslq %esi,%rdx
   0x00007ffff6e8a8f9 <+1769>:	cmp    %ecx,%eax
   0x00007ffff6e8a8fb <+1771>:	movslq %eax,%rcx
   0x00007ffff6e8a8fe <+1774>:	jne    0x7ffff6e8a8c0 <generate+1712>
   0x00007ffff6e8a900 <+1776>:	lea    (%r9,%rcx,8),%r8
   0x00007ffff6e8a904 <+1780>:	mov    %eax,%esi
   0x00007ffff6e8a906 <+1782>:	mov    (%r8),%rdi
   0x00007ffff6e8a909 <+1785>:	mov    0x24(%rdi),%ecx
   0x00007ffff6e8a90c <+1788>:	cmp    0x24(%r10),%ecx
   0x00007ffff6e8a910 <+1792>:	js     0x7ffff6e8a8e7 <generate+1751>
   0x00007ffff6e8a912 <+1794>:	lea    (%r9,%rdx,8),%r8
   0x00007ffff6e8a916 <+1798>:	mov    %r10,(%r8)
   0x00007ffff6e8a919 <+1801>:	mov    0x40(%rsp),%rax
   0x00007ffff6e8a91e <+1806>:	mov    0x8(%rax),%rbp
   0x00007ffff6e8a922 <+1810>:	test   %rbp,%rbp
   0x00007ffff6e8a925 <+1813>:	je     0x7ffff6e8a649 <generate+1081>
   0x00007ffff6e8a92b <+1819>:	mov    0x20b0(%rsp),%eax
   0x00007ffff6e8a932 <+1826>:	cmp    %eax,0x24(%rbp)
   0x00007ffff6e8a935 <+1829>:	jne    0x7ffff6e8a81d <generate+1549>
   0x00007ffff6e8a93b <+1835>:	cmp    0x20a8(%rsp),%rbp
   0x00007ffff6e8a943 <+1843>:	jne    0x7ffff6e8a876 <generate+1638>
   0x00007ffff6e8a949 <+1849>:	mov    0x0(%rbp),%rax
   0x00007ffff6e8a94d <+1853>:	mov    %rax,0x20a8(%rsp)
   0x00007ffff6e8a955 <+1861>:	jmpq   0x7ffff6e8a876 <generate+1638>
   0x00007ffff6e8a95a <+1866>:	add    $0x1,%esi
---Type <return> to continue, or q <return> to quit---
   0x00007ffff6e8a95d <+1869>:	mov    %r14d,%ecx
   0x00007ffff6e8a960 <+1872>:	mov    %rbp,%rdi
   0x00007ffff6e8a963 <+1875>:	mov    %r11,%r8
   0x00007ffff6e8a966 <+1878>:	jmpq   0x7ffff6e8a8e1 <generate+1745>
   0x00007ffff6e8a96b <+1883>:	movq   $0x0,0x8(%r9)
   0x00007ffff6e8a973 <+1891>:	jmp    0x7ffff6e8a919 <generate+1801>
   0x00007ffff6e8a975 <+1893>:	cmp    $0xffffffe,%eax
   0x00007ffff6e8a97a <+1898>:	ja     0x7ffff6e8a610 <generate+1024>
   0x00007ffff6e8a980 <+1904>:	mov    %ebp,%eax
   0x00007ffff6e8a982 <+1906>:	shl    $0x4,%eax
   0x00007ffff6e8a985 <+1909>:	test   %eax,%eax
   0x00007ffff6e8a987 <+1911>:	je     0x7ffff6e8a610 <generate+1024>
   0x00007ffff6e8a98d <+1917>:	mov    %eax,%edi
   0x00007ffff6e8a98f <+1919>:	callq  0x7ffff6e38720 <malloc@plt>
   0x00007ffff6e8a994 <+1924>:	test   %rax,%rax
   0x00007ffff6e8a997 <+1927>:	je     0x7ffff6e8a610 <generate+1024>
   0x00007ffff6e8a99d <+1933>:	mov    %rax,%rdi
   0x00007ffff6e8a9a0 <+1936>:	mov    0x18(%rsp),%rsi
   0x00007ffff6e8a9a5 <+1941>:	mov    $0x400,%ecx
   0x00007ffff6e8a9aa <+1946>:	rep movsq %ds:(%rsi),%es:(%rdi)
   0x00007ffff6e8a9ad <+1949>:	jmpq   0x7ffff6e8a803 <generate+1523>
   0x00007ffff6e8a9b2 <+1954>:	add    $0x1,%eax
   0x00007ffff6e8a9b5 <+1957>:	mov    %eax,0x20b0(%rsp)
   0x00007ffff6e8a9bc <+1964>:	mov    0x24(%r14),%edx
   0x00007ffff6e8a9c0 <+1968>:	mov    0x20(%rbp),%ecx
   0x00007ffff6e8a9c3 <+1971>:	cmp    %ecx,%edx
   0x00007ffff6e8a9c5 <+1973>:	jge    0x7ffff6e8a37c <generate+364>
   0x00007ffff6e8a9cb <+1979>:	mov    %r12d,0x20(%rsp)
   0x00007ffff6e8a9d0 <+1984>:	mov    0x8(%rsp),%r12
   0x00007ffff6e8a9d5 <+1989>:	cmp    %eax,%edx
   0x00007ffff6e8a9d7 <+1991>:	je     0x7ffff6e8a9f1 <generate+2017>
   0x00007ffff6e8a9d9 <+1993>:	sub    %eax,%edx
   0x00007ffff6e8a9db <+1995>:	mov    %r12,%rsi
   0x00007ffff6e8a9de <+1998>:	mov    %rbx,%rdi
   0x00007ffff6e8a9e1 <+2001>:	callq  0x7ffff6e89a90 <render_rows>
   0x00007ffff6e8a9e6 <+2006>:	mov    0x24(%r14),%eax
   0x00007ffff6e8a9ea <+2010>:	mov    %eax,0x20b0(%rsp)
   0x00007ffff6e8a9f1 <+2017>:	mov    $0x1,%edx
   0x00007ffff6e8a9f6 <+2022>:	mov    %r12,%rsi
   0x00007ffff6e8a9f9 <+2025>:	mov    %rbx,%rdi
   0x00007ffff6e8a9fc <+2028>:	callq  0x7ffff6e89a90 <render_rows>
   0x00007ffff6e8aa01 <+2033>:	nopl   0x0(%rax)
   0x00007ffff6e8aa08 <+2040>:	cmp    0x20a8(%rsp),%r14
   0x00007ffff6e8aa10 <+2048>:	je     0x7ffff6e8ab40 <generate+2352>
   0x00007ffff6e8aa16 <+2054>:	mov    0x8(%r14),%rax
   0x00007ffff6e8aa1a <+2058>:	mov    (%r14),%rdx
   0x00007ffff6e8aa1d <+2061>:	mov    %rdx,(%rax)
   0x00007ffff6e8aa20 <+2064>:	mov    (%r14),%rax
   0x00007ffff6e8aa23 <+2067>:	mov    0x8(%r14),%rdx
   0x00007ffff6e8aa27 <+2071>:	mov    %rdx,0x8(%rax)
   0x00007ffff6e8aa2b <+2075>:	movslq 0x38(%rsp),%rax
   0x00007ffff6e8aa30 <+2080>:	mov    0x40(%rsp),%r8
   0x00007ffff6e8aa35 <+2085>:	lea    -0x1(%rax),%ecx
   0x00007ffff6e8aa38 <+2088>:	test   %ecx,%ecx
   0x00007ffff6e8aa3a <+2090>:	mov    %ecx,0x38(%rsp)
   0x00007ffff6e8aa3e <+2094>:	mov    (%r8,%rax,8),%r10
   0x00007ffff6e8aa42 <+2098>:	je     0x7ffff6e8ab18 <generate+2312>
   0x00007ffff6e8aa48 <+2104>:	cmp    $0x1,%ecx
   0x00007ffff6e8aa4b <+2107>:	mov    $0x1,%edx
   0x00007ffff6e8aa50 <+2112>:	mov    $0x2,%eax
   0x00007ffff6e8aa55 <+2117>:	lea    0x8(%r8),%r9
   0x00007ffff6e8aa59 <+2121>:	jg     0x7ffff6e8aa99 <generate+2185>
   0x00007ffff6e8aa5b <+2123>:	jmp    0x7ffff6e8aab6 <generate+2214>
   0x00007ffff6e8aa5d <+2125>:	nopl   (%rax)
---Type <return> to continue, or q <return> to quit---
   0x00007ffff6e8aa60 <+2128>:	shl    $0x3,%rcx
   0x00007ffff6e8aa64 <+2132>:	mov    %eax,%esi
   0x00007ffff6e8aa66 <+2134>:	lea    (%r8,%rcx,1),%r9
   0x00007ffff6e8aa6a <+2138>:	lea    0x8(%r8,%rcx,1),%r11
   0x00007ffff6e8aa6f <+2143>:	mov    (%r9),%rdi
   0x00007ffff6e8aa72 <+2146>:	mov    (%r11),%r14
   0x00007ffff6e8aa75 <+2149>:	mov    0x24(%rdi),%ecx
   0x00007ffff6e8aa78 <+2152>:	mov    0x24(%r14),%r15d
   0x00007ffff6e8aa7c <+2156>:	cmp    %ecx,%r15d
   0x00007ffff6e8aa7f <+2159>:	js     0x7ffff6e8ab00 <generate+2288>
   0x00007ffff6e8aa81 <+2161>:	cmp    0x24(%r10),%ecx
   0x00007ffff6e8aa85 <+2165>:	jns    0x7ffff6e8aab2 <generate+2210>
   0x00007ffff6e8aa87 <+2167>:	mov    %rdi,(%r8,%rdx,8)
   0x00007ffff6e8aa8b <+2171>:	mov    0x38(%rsp),%ecx
   0x00007ffff6e8aa8f <+2175>:	lea    (%rsi,%rsi,1),%eax
   0x00007ffff6e8aa92 <+2178>:	cmp    %ecx,%eax
   0x00007ffff6e8aa94 <+2180>:	jg     0x7ffff6e8aab6 <generate+2214>
   0x00007ffff6e8aa96 <+2182>:	movslq %esi,%rdx
   0x00007ffff6e8aa99 <+2185>:	cmp    %ecx,%eax
   0x00007ffff6e8aa9b <+2187>:	movslq %eax,%rcx
   0x00007ffff6e8aa9e <+2190>:	jne    0x7ffff6e8aa60 <generate+2128>
   0x00007ffff6e8aaa0 <+2192>:	lea    (%r8,%rcx,8),%r9
   0x00007ffff6e8aaa4 <+2196>:	mov    %eax,%esi
   0x00007ffff6e8aaa6 <+2198>:	mov    (%r9),%rdi
   0x00007ffff6e8aaa9 <+2201>:	mov    0x24(%rdi),%ecx
   0x00007ffff6e8aaac <+2204>:	cmp    0x24(%r10),%ecx
   0x00007ffff6e8aab0 <+2208>:	js     0x7ffff6e8aa87 <generate+2167>
   0x00007ffff6e8aab2 <+2210>:	lea    (%r8,%rdx,8),%r9
   0x00007ffff6e8aab6 <+2214>:	mov    %r10,(%r9)
   0x00007ffff6e8aab9 <+2217>:	mov    0x40(%rsp),%rax
   0x00007ffff6e8aabe <+2222>:	mov    0x8(%rax),%r14
   0x00007ffff6e8aac2 <+2226>:	test   %r14,%r14
   0x00007ffff6e8aac5 <+2229>:	je     0x7ffff6e8ab2e <generate+2334>
   0x00007ffff6e8aac7 <+2231>:	mov    0x20b0(%rsp),%eax
   0x00007ffff6e8aace <+2238>:	cmp    %eax,0x24(%r14)
   0x00007ffff6e8aad2 <+2242>:	je     0x7ffff6e8aa08 <generate+2040>
   0x00007ffff6e8aad8 <+2248>:	add    $0x1,%eax
   0x00007ffff6e8aadb <+2251>:	mov    %eax,0x20b0(%rsp)
   0x00007ffff6e8aae2 <+2258>:	mov    0x24(%r14),%edx
   0x00007ffff6e8aae6 <+2262>:	mov    0x20(%rbp),%ecx
   0x00007ffff6e8aae9 <+2265>:	cmp    %ecx,%edx
   0x00007ffff6e8aaeb <+2267>:	jl     0x7ffff6e8a9d5 <generate+1989>
   0x00007ffff6e8aaf1 <+2273>:	mov    0x20(%rsp),%r12d
   0x00007ffff6e8aaf6 <+2278>:	jmpq   0x7ffff6e8a37c <generate+364>
   0x00007ffff6e8aafb <+2283>:	nopl   0x0(%rax,%rax,1)
   0x00007ffff6e8ab00 <+2288>:	add    $0x1,%esi
   0x00007ffff6e8ab03 <+2291>:	mov    %r15d,%ecx
   0x00007ffff6e8ab06 <+2294>:	mov    %r14,%rdi
   0x00007ffff6e8ab09 <+2297>:	mov    %r11,%r9
   0x00007ffff6e8ab0c <+2300>:	jmpq   0x7ffff6e8aa81 <generate+2161>
   0x00007ffff6e8ab11 <+2305>:	nopl   0x0(%rax)
   0x00007ffff6e8ab18 <+2312>:	movq   $0x0,0x8(%r8)
   0x00007ffff6e8ab20 <+2320>:	mov    0x40(%rsp),%rax
   0x00007ffff6e8ab25 <+2325>:	mov    0x8(%rax),%r14
   0x00007ffff6e8ab29 <+2329>:	test   %r14,%r14
   0x00007ffff6e8ab2c <+2332>:	jne    0x7ffff6e8aac7 <generate+2231>
   0x00007ffff6e8ab2e <+2334>:	mov    0x20(%rsp),%r12d
   0x00007ffff6e8ab33 <+2339>:	jmpq   0x7ffff6e8a5b2 <generate+930>
   0x00007ffff6e8ab38 <+2344>:	nopl   0x0(%rax,%rax,1)
   0x00007ffff6e8ab40 <+2352>:	mov    (%r14),%rax
   0x00007ffff6e8ab43 <+2355>:	mov    %rax,0x20a8(%rsp)
   0x00007ffff6e8ab4b <+2363>:	jmpq   0x7ffff6e8aa16 <generate+2054>
   0x00007ffff6e8ab50 <+2368>:	callq  0x7ffff6e37810 <__stack_chk_fail@plt>
End of assembler dump.
(gdb) 
```

**Comment by pullmoll** [comment]
Darn! Next candidate.. just 11800 bytes of stack space required and musl fails... I fear that nested functions with large(r) stack allocations will **always** hit the limit of musl libc's tiny frame size.

I agree with @ebfe  here that we should think about increasing musl libc's default stack frame size to get around this kind of issues.

The possible patch would be to modify `cairo-1.14.6/src/cairo-rectangular-scan-converter.c` function `_cairo_rectangular_scan_converter_generate()`  in line #659 ff. to allocate the
```
    rectangle_t *rectangles_stack[CAIRO_STACK_ARRAY_LENGTH (rectangle_t *)];
```
using thread local storage with a `static __thread` prefix again. @paoloschi Can you perhaps try to add a patch to `srcpkgs/cairo/patches` yourself to see if this cures the problem?

I believe that with patching elementary libraries like `cairo` we'll never reach a point where every possible combination of function calls will not excess the tight limit at some point.

**Comment by pullmoll** [comment]
Nah, it's actually in `generate()` line #492 ff. where the stack frame size excess happens. Trying to fix this turns out to be opening Pandora's box. Let's discuss if and how to increase musl libc's thread stack frame size.

**Comment by pullmoll** [comment]
@paoloschi would you please try again now that also `cairo` is patched?

**Comment by paoloschi** [comment]
Yes, I can confirm: SpaceFM here is fully functional now: no longer crashes performing all the actions that I had mentioned!

thank you very much

**Comment by pullmoll** [comment]
Ok, closing the issue.
